== application started at Nov 17 2015 16:47:47
Zutria 0.6.3 rev 0 (devel) built on Nov 14 2015 for arch x86
Loaded module 'corelib'
Loaded module 'game_things'
Loaded module 'gamelib'
Loaded module 'client'
Loaded module 'client_styles'
Loaded module 'client_topmenu'
Loaded module 'client_background'
Loaded module 'client_options'
Loaded module 'client_stats'
Loaded module 'client_entergame'
Loaded module 'client_serverlist'
Loaded module 'game_interface'
Loaded module 'game_hotkeys'
Loaded module 'game_questlog'
Loaded module 'game_textmessage'
Loaded module 'game_console'
Loaded module 'game_outfit'
Loaded module 'game_healthinfo'
Loaded module 'game_skills'
Loaded module 'game_inventory'
Loaded module 'game_combatcontrols'
Loaded module 'game_containers'
Loaded module 'game_viplist'
Loaded module 'game_battle'
Loaded module 'game_minimap'
Loaded module 'game_npctrade'
Loaded module 'game_textwindow'
Loaded module 'game_playertrade'
Loaded module 'game_bugreport'
Loaded module 'game_playerdeath'
Loaded module 'game_playermount'
Loaded module 'game_ruleviolation'
Loaded module 'game_market'
Loaded module 'game_spelllist'
Loaded module 'game_cooldown'
Loaded module 'game_modaldialog'
Loaded module 'game_unjustifiedpoints'
== application started at Nov 17 2015 16:49:52
Zutria 0.6.3 rev 0 (devel) built on Nov 14 2015 for arch x86
Loaded module 'corelib'
Loaded module 'game_things'
Loaded module 'gamelib'
Loaded module 'client'
Loaded module 'client_styles'
Loaded module 'client_topmenu'
Loaded module 'client_background'
Loaded module 'client_options'
Loaded module 'client_stats'
Loaded module 'client_entergame'
Loaded module 'client_serverlist'
Loaded module 'game_interface'
Loaded module 'game_hotkeys'
Loaded module 'game_questlog'
Loaded module 'game_textmessage'
Loaded module 'game_console'
Loaded module 'game_outfit'
Loaded module 'game_healthinfo'
Loaded module 'game_skills'
Loaded module 'game_inventory'
Loaded module 'game_combatcontrols'
Loaded module 'game_containers'
Loaded module 'game_viplist'
Loaded module 'game_battle'
Loaded module 'game_minimap'
Loaded module 'game_npctrade'
Loaded module 'game_textwindow'
Loaded module 'game_playertrade'
Loaded module 'game_bugreport'
Loaded module 'game_playerdeath'
Loaded module 'game_playermount'
Loaded module 'game_ruleviolation'
Loaded module 'game_market'
Loaded module 'game_spelllist'
Loaded module 'game_cooldown'
Loaded module 'game_modaldialog'
Loaded module 'game_unjustifiedpoints'
Fechando a aplicação..
Fechando a aplicação..
== application started at Nov 17 2015 18:24:31
Zutria 0.6.3 rev 0 (devel) built on Nov 14 2015 for arch x86
Loaded module 'corelib'
Loaded module 'game_things'
Loaded module 'gamelib'
Loaded module 'client'
Loaded module 'client_styles'
Loaded module 'client_topmenu'
Loaded module 'client_background'
Loaded module 'client_options'
Loaded module 'client_stats'
Loaded module 'client_entergame'
Loaded module 'client_serverlist'
Loaded module 'game_interface'
Loaded module 'game_hotkeys'
Loaded module 'game_questlog'
Loaded module 'game_textmessage'
Loaded module 'game_console'
Loaded module 'game_outfit'
Loaded module 'game_healthinfo'
Loaded module 'game_skills'
Loaded module 'game_inventory'
Loaded module 'game_combatcontrols'
Loaded module 'game_containers'
Loaded module 'game_viplist'
Loaded module 'game_battle'
Loaded module 'game_minimap'
Loaded module 'game_npctrade'
Loaded module 'game_textwindow'
Loaded module 'game_playertrade'
Loaded module 'game_bugreport'
Loaded module 'game_playerdeath'
Loaded module 'game_playermount'
Loaded module 'game_ruleviolation'
Loaded module 'game_market'
Loaded module 'game_spelllist'
Loaded module 'game_cooldown'
Loaded module 'game_modaldialog'
Loaded module 'game_unjustifiedpoints'
Fechando a aplicação..
== application started at Nov 17 2015 19:26:38
Zutria 0.6.3 rev 0 (devel) built on Nov 14 2015 for arch x86
Loaded module 'corelib'
Loaded module 'game_things'
Loaded module 'gamelib'
Loaded module 'client'
Loaded module 'client_styles'
Loaded module 'client_topmenu'
Loaded module 'client_background'
Loaded module 'client_options'
Loaded module 'client_stats'
Loaded module 'client_entergame'
Loaded module 'client_serverlist'
Loaded module 'game_interface'
Loaded module 'game_hotkeys'
Loaded module 'game_questlog'
Loaded module 'game_textmessage'
Loaded module 'game_console'
Loaded module 'game_outfit'
Loaded module 'game_healthinfo'
Loaded module 'game_skills'
Loaded module 'game_inventory'
Loaded module 'game_combatcontrols'
Loaded module 'game_containers'
Loaded module 'game_viplist'
Loaded module 'game_battle'
Loaded module 'game_minimap'
Loaded module 'game_npctrade'
Loaded module 'game_textwindow'
Loaded module 'game_playertrade'
Loaded module 'game_bugreport'
Loaded module 'game_playerdeath'
Loaded module 'game_playermount'
Loaded module 'game_ruleviolation'
Loaded module 'game_market'
Loaded module 'game_spelllist'
Loaded module 'game_cooldown'
Loaded module 'game_modaldialog'
Loaded module 'game_unjustifiedpoints'
Fechando a aplicação..
== application started at Nov 17 2015 19:36:41
Zutria 0.6.3 rev 0 (devel) built on Nov 14 2015 for arch x86
Loaded module 'corelib'
Loaded module 'game_things'
Loaded module 'gamelib'
Loaded module 'client'
Loaded module 'client_styles'
Loaded module 'client_topmenu'
Loaded module 'client_background'
Loaded module 'client_options'
Loaded module 'client_stats'
Loaded module 'client_entergame'
Loaded module 'client_serverlist'
Loaded module 'game_interface'
Loaded module 'game_hotkeys'
Loaded module 'game_questlog'
Loaded module 'game_textmessage'
Loaded module 'game_console'
Loaded module 'game_outfit'
Loaded module 'game_healthinfo'
Loaded module 'game_skills'
Loaded module 'game_inventory'
Loaded module 'game_combatcontrols'
Loaded module 'game_containers'
Loaded module 'game_viplist'
Loaded module 'game_battle'
Loaded module 'game_minimap'
Loaded module 'game_npctrade'
Loaded module 'game_textwindow'
Loaded module 'game_playertrade'
Loaded module 'game_bugreport'
Loaded module 'game_playerdeath'
Loaded module 'game_playermount'
Loaded module 'game_ruleviolation'
Loaded module 'game_market'
Loaded module 'game_spelllist'
Loaded module 'game_cooldown'
Loaded module 'game_modaldialog'
Loaded module 'game_unjustifiedpoints'
Fechando a aplicação..
== application started at Nov 17 2015 19:41:09
Zutria 0.6.3 rev 0 (devel) built on Nov 14 2015 for arch x86
Loaded module 'corelib'
Loaded module 'game_things'
Loaded module 'gamelib'
Loaded module 'client'
Loaded module 'client_styles'
Loaded module 'client_topmenu'
Loaded module 'client_background'
Loaded module 'client_options'
Loaded module 'client_stats'
Loaded module 'client_entergame'
Loaded module 'client_serverlist'
Loaded module 'game_interface'
Loaded module 'game_hotkeys'
Loaded module 'game_questlog'
Loaded module 'game_textmessage'
Loaded module 'game_console'
Loaded module 'game_outfit'
Loaded module 'game_healthinfo'
Loaded module 'game_skills'
Loaded module 'game_inventory'
Loaded module 'game_combatcontrols'
Loaded module 'game_containers'
Loaded module 'game_viplist'
Loaded module 'game_battle'
Loaded module 'game_minimap'
Loaded module 'game_npctrade'
Loaded module 'game_textwindow'
Loaded module 'game_playertrade'
Loaded module 'game_bugreport'
Loaded module 'game_playerdeath'
Loaded module 'game_playermount'
Loaded module 'game_ruleviolation'
Loaded module 'game_market'
Loaded module 'game_spelllist'
Loaded module 'game_cooldown'
Loaded module 'game_modaldialog'
Loaded module 'game_unjustifiedpoints'
Fechando a aplicação..
== application started at Nov 17 2015 19:49:04
Zutria 0.6.3 rev 0 (devel) built on Nov 14 2015 for arch x86
Loaded module 'corelib'
Loaded module 'game_things'
Loaded module 'gamelib'
Loaded module 'client'
Loaded module 'client_styles'
Loaded module 'client_topmenu'
Loaded module 'client_background'
Loaded module 'client_options'
Loaded module 'client_stats'
Loaded module 'client_entergame'
Loaded module 'client_serverlist'
Loaded module 'game_interface'
Loaded module 'game_hotkeys'
Loaded module 'game_questlog'
Loaded module 'game_textmessage'
Loaded module 'game_console'
Loaded module 'game_outfit'
Loaded module 'game_healthinfo'
Loaded module 'game_skills'
Loaded module 'game_inventory'
Loaded module 'game_combatcontrols'
Loaded module 'game_containers'
Loaded module 'game_viplist'
Loaded module 'game_battle'
Loaded module 'game_minimap'
Loaded module 'game_npctrade'
Loaded module 'game_textwindow'
Loaded module 'game_playertrade'
Loaded module 'game_bugreport'
Loaded module 'game_playerdeath'
Loaded module 'game_playermount'
Loaded module 'game_ruleviolation'
Loaded module 'game_market'
Loaded module 'game_spelllist'
Loaded module 'game_cooldown'
Loaded module 'game_modaldialog'
Loaded module 'game_unjustifiedpoints'
Fechando a aplicação..
== application started at Nov 17 2015 19:50:04
Zutria 0.6.3 rev 0 (devel) built on Nov 14 2015 for arch x86
Loaded module 'corelib'
Loaded module 'game_things'
Loaded module 'gamelib'
Loaded module 'client'
Loaded module 'client_styles'
Loaded module 'client_topmenu'
Loaded module 'client_background'
Loaded module 'client_options'
Loaded module 'client_stats'
Loaded module 'client_entergame'
Loaded module 'client_serverlist'
Loaded module 'game_interface'
Loaded module 'game_hotkeys'
Loaded module 'game_questlog'
Loaded module 'game_textmessage'
Loaded module 'game_console'
Loaded module 'game_outfit'
Loaded module 'game_healthinfo'
Loaded module 'game_skills'
Loaded module 'game_inventory'
Loaded module 'game_combatcontrols'
Loaded module 'game_containers'
Loaded module 'game_viplist'
Loaded module 'game_battle'
Loaded module 'game_minimap'
Loaded module 'game_npctrade'
Loaded module 'game_textwindow'
Loaded module 'game_playertrade'
Loaded module 'game_bugreport'
Loaded module 'game_playerdeath'
Loaded module 'game_playermount'
Loaded module 'game_ruleviolation'
Loaded module 'game_market'
Loaded module 'game_spelllist'
Loaded module 'game_cooldown'
Loaded module 'game_modaldialog'
Loaded module 'game_unjustifiedpoints'
Fechando a aplicação..
== application started at Nov 17 2015 19:51:27
Zutria 0.6.3 rev 0 (devel) built on Nov 14 2015 for arch x86
Loaded module 'corelib'
Loaded module 'game_things'
Loaded module 'gamelib'
Loaded module 'client'
Loaded module 'client_styles'
Loaded module 'client_topmenu'
Loaded module 'client_background'
Loaded module 'client_options'
Loaded module 'client_stats'
Loaded module 'client_entergame'
Loaded module 'client_serverlist'
Loaded module 'game_interface'
Loaded module 'game_hotkeys'
Loaded module 'game_questlog'
Loaded module 'game_textmessage'
Loaded module 'game_console'
Loaded module 'game_outfit'
Loaded module 'game_healthinfo'
Loaded module 'game_skills'
Loaded module 'game_inventory'
Loaded module 'game_combatcontrols'
Loaded module 'game_containers'
Loaded module 'game_viplist'
Loaded module 'game_battle'
Loaded module 'game_minimap'
Loaded module 'game_npctrade'
Loaded module 'game_textwindow'
Loaded module 'game_playertrade'
Loaded module 'game_bugreport'
Loaded module 'game_playerdeath'
Loaded module 'game_playermount'
Loaded module 'game_ruleviolation'
Loaded module 'game_market'
Loaded module 'game_spelllist'
Loaded module 'game_cooldown'
Loaded module 'game_modaldialog'
Loaded module 'game_unjustifiedpoints'
Fechando a aplicação..
== application started at Nov 17 2015 19:57:15
Zutria 0.6.3 rev 0 (devel) built on Nov 14 2015 for arch x86
Loaded module 'corelib'
Loaded module 'game_things'
Loaded module 'gamelib'
Loaded module 'client'
Loaded module 'client_styles'
Loaded module 'client_topmenu'
Loaded module 'client_background'
Loaded module 'client_options'
Loaded module 'client_stats'
Loaded module 'client_entergame'
Loaded module 'client_serverlist'
Loaded module 'game_interface'
Loaded module 'game_hotkeys'
Loaded module 'game_questlog'
Loaded module 'game_textmessage'
Loaded module 'game_console'
Loaded module 'game_outfit'
Loaded module 'game_healthinfo'
Loaded module 'game_skills'
Loaded module 'game_inventory'
Loaded module 'game_combatcontrols'
Loaded module 'game_containers'
Loaded module 'game_viplist'
Loaded module 'game_battle'
Loaded module 'game_minimap'
Loaded module 'game_npctrade'
Loaded module 'game_textwindow'
Loaded module 'game_playertrade'
Loaded module 'game_bugreport'
Loaded module 'game_playerdeath'
Loaded module 'game_playermount'
Loaded module 'game_ruleviolation'
Loaded module 'game_market'
Loaded module 'game_spelllist'
Loaded module 'game_cooldown'
Loaded module 'game_modaldialog'
Loaded module 'game_unjustifiedpoints'
Fechando a aplicação..
== application started at Nov 17 2015 20:15:58
Zutria 0.6.3 rev 0 (devel) built on Nov 14 2015 for arch x86
Loaded module 'corelib'
Loaded module 'game_things'
Loaded module 'gamelib'
Loaded module 'client'
Loaded module 'client_styles'
Loaded module 'client_topmenu'
Loaded module 'client_background'
Loaded module 'client_options'
Loaded module 'client_stats'
Loaded module 'client_entergame'
Loaded module 'client_serverlist'
Loaded module 'game_interface'
Loaded module 'game_hotkeys'
Loaded module 'game_questlog'
Loaded module 'game_textmessage'
Loaded module 'game_console'
Loaded module 'game_outfit'
Loaded module 'game_healthinfo'
Loaded module 'game_skills'
Loaded module 'game_inventory'
Loaded module 'game_combatcontrols'
Loaded module 'game_containers'
Loaded module 'game_viplist'
Loaded module 'game_battle'
Loaded module 'game_minimap'
Loaded module 'game_npctrade'
Loaded module 'game_textwindow'
Loaded module 'game_playertrade'
Loaded module 'game_bugreport'
Loaded module 'game_playerdeath'
Loaded module 'game_playermount'
Loaded module 'game_ruleviolation'
Loaded module 'game_market'
Loaded module 'game_spelllist'
Loaded module 'game_cooldown'
Loaded module 'game_modaldialog'
Loaded module 'game_unjustifiedpoints'
Fechando a aplicação..
== application started at Nov 17 2015 20:17:07
Zutria 0.6.3 rev 0 (devel) built on Nov 14 2015 for arch x86
Loaded module 'corelib'
Loaded module 'game_things'
Loaded module 'gamelib'
Loaded module 'client'
Loaded module 'client_styles'
Loaded module 'client_topmenu'
Loaded module 'client_background'
Loaded module 'client_options'
Loaded module 'client_stats'
Loaded module 'client_entergame'
Loaded module 'client_serverlist'
Loaded module 'game_interface'
Loaded module 'game_hotkeys'
Loaded module 'game_questlog'
Loaded module 'game_textmessage'
Loaded module 'game_console'
Loaded module 'game_outfit'
Loaded module 'game_healthinfo'
Loaded module 'game_skills'
Loaded module 'game_inventory'
Loaded module 'game_combatcontrols'
Loaded module 'game_containers'
Loaded module 'game_viplist'
Loaded module 'game_battle'
Loaded module 'game_minimap'
Loaded module 'game_npctrade'
Loaded module 'game_textwindow'
Loaded module 'game_playertrade'
Loaded module 'game_bugreport'
Loaded module 'game_playerdeath'
Loaded module 'game_playermount'
Loaded module 'game_ruleviolation'
Loaded module 'game_market'
Loaded module 'game_spelllist'
Loaded module 'game_cooldown'
Loaded module 'game_modaldialog'
Loaded module 'game_unjustifiedpoints'
Fechando a aplicação..
== application started at Nov 17 2015 23:00:32
Zutria 0.6.3 rev 0 (devel) built on Nov 14 2015 for arch x86
Loaded module 'corelib'
Loaded module 'game_things'
Loaded module 'gamelib'
Loaded module 'client'
Loaded module 'client_styles'
Loaded module 'client_topmenu'
Loaded module 'client_background'
Loaded module 'client_options'
Loaded module 'client_stats'
Loaded module 'client_entergame'
Loaded module 'client_serverlist'
Loaded module 'game_interface'
Loaded module 'game_hotkeys'
Loaded module 'game_questlog'
Loaded module 'game_textmessage'
Loaded module 'game_console'
Loaded module 'game_outfit'
Loaded module 'game_healthinfo'
Loaded module 'game_skills'
Loaded module 'game_inventory'
Loaded module 'game_combatcontrols'
Loaded module 'game_containers'
Loaded module 'game_viplist'
Loaded module 'game_battle'
Loaded module 'game_minimap'
Loaded module 'game_npctrade'
Loaded module 'game_textwindow'
Loaded module 'game_playertrade'
Loaded module 'game_bugreport'
Loaded module 'game_playerdeath'
Loaded module 'game_playermount'
Loaded module 'game_ruleviolation'
Loaded module 'game_market'
Loaded module 'game_spelllist'
Loaded module 'game_cooldown'
Loaded module 'game_modaldialog'
Loaded module 'game_unjustifiedpoints'
Fechando a aplicação..
== application started at Nov 17 2015 23:05:10
Zutria 0.6.3 rev 0 (devel) built on Nov 14 2015 for arch x86
Loaded module 'corelib'
Loaded module 'game_things'
Loaded module 'gamelib'
Loaded module 'client'
Loaded module 'client_styles'
Loaded module 'client_topmenu'
Loaded module 'client_background'
Loaded module 'client_options'
Loaded module 'client_stats'
Loaded module 'client_entergame'
Loaded module 'client_serverlist'
Loaded module 'game_interface'
Loaded module 'game_hotkeys'
Loaded module 'game_questlog'
Loaded module 'game_textmessage'
Loaded module 'game_console'
Loaded module 'game_outfit'
Loaded module 'game_healthinfo'
Loaded module 'game_skills'
Loaded module 'game_inventory'
Loaded module 'game_combatcontrols'
Loaded module 'game_containers'
Loaded module 'game_viplist'
Loaded module 'game_battle'
Loaded module 'game_minimap'
Loaded module 'game_npctrade'
Loaded module 'game_textwindow'
Loaded module 'game_playertrade'
Loaded module 'game_bugreport'
Loaded module 'game_playerdeath'
Loaded module 'game_playermount'
Loaded module 'game_ruleviolation'
Loaded module 'game_market'
Loaded module 'game_spelllist'
Loaded module 'game_cooldown'
Loaded module 'game_modaldialog'
Loaded module 'game_unjustifiedpoints'
ERROR: protected lua call failed: LUA ERROR:
/game_skills/skills.lua:108: attempt to index local 'skill' (a nil value)
stack traceback:
	[C]: in function '__index'
	/game_skills/skills.lua:108: in function 'setSkillValue'
	/game_skills/skills.lua:217: in function </game_skills/skills.lua:194>
Fechando a aplicação..
== application started at Nov 17 2015 23:06:35
Zutria 0.6.3 rev 0 (devel) built on Nov 14 2015 for arch x86
Loaded module 'corelib'
Loaded module 'game_things'
Loaded module 'gamelib'
Loaded module 'client'
Loaded module 'client_styles'
Loaded module 'client_topmenu'
Loaded module 'client_background'
Loaded module 'client_options'
Loaded module 'client_stats'
Loaded module 'client_entergame'
Loaded module 'client_serverlist'
Loaded module 'game_interface'
Loaded module 'game_hotkeys'
Loaded module 'game_questlog'
Loaded module 'game_textmessage'
Loaded module 'game_console'
Loaded module 'game_outfit'
Loaded module 'game_healthinfo'
Loaded module 'game_skills'
Loaded module 'game_inventory'
Loaded module 'game_combatcontrols'
Loaded module 'game_containers'
Loaded module 'game_viplist'
Loaded module 'game_battle'
Loaded module 'game_minimap'
Loaded module 'game_npctrade'
Loaded module 'game_textwindow'
Loaded module 'game_playertrade'
Loaded module 'game_bugreport'
Loaded module 'game_playerdeath'
Loaded module 'game_playermount'
Loaded module 'game_ruleviolation'
Loaded module 'game_market'
Loaded module 'game_spelllist'
Loaded module 'game_cooldown'
Loaded module 'game_modaldialog'
Loaded module 'game_unjustifiedpoints'
Fechando a aplicação..
== application started at Nov 17 2015 23:09:41
Zutria 0.6.3 rev 0 (devel) built on Nov 14 2015 for arch x86
Loaded module 'corelib'
Loaded module 'game_things'
Loaded module 'gamelib'
Loaded module 'client'
Loaded module 'client_styles'
Loaded module 'client_topmenu'
Loaded module 'client_background'
Loaded module 'client_options'
Loaded module 'client_stats'
Loaded module 'client_entergame'
Loaded module 'client_serverlist'
Loaded module 'game_interface'
Loaded module 'game_hotkeys'
Loaded module 'game_questlog'
Loaded module 'game_textmessage'
Loaded module 'game_console'
Loaded module 'game_outfit'
Loaded module 'game_healthinfo'
Loaded module 'game_skills'
Loaded module 'game_inventory'
Loaded module 'game_combatcontrols'
Loaded module 'game_containers'
Loaded module 'game_viplist'
Loaded module 'game_battle'
Loaded module 'game_minimap'
Loaded module 'game_npctrade'
Loaded module 'game_textwindow'
Loaded module 'game_playertrade'
Loaded module 'game_bugreport'
Loaded module 'game_playerdeath'
Loaded module 'game_playermount'
Loaded module 'game_ruleviolation'
Loaded module 'game_market'
Loaded module 'game_spelllist'
Loaded module 'game_cooldown'
Loaded module 'game_modaldialog'
Loaded module 'game_unjustifiedpoints'
Fechando a aplicação..
== application started at Nov 17 2015 23:09:51
Zutria 0.6.3 rev 0 (devel) built on Nov 14 2015 for arch x86
Loaded module 'corelib'
Loaded module 'game_things'
Loaded module 'gamelib'
Loaded module 'client'
Loaded module 'client_styles'
Loaded module 'client_topmenu'
Loaded module 'client_background'
Loaded module 'client_options'
Loaded module 'client_stats'
Loaded module 'client_entergame'
Loaded module 'client_serverlist'
Loaded module 'game_interface'
Loaded module 'game_hotkeys'
Loaded module 'game_questlog'
Loaded module 'game_textmessage'
Loaded module 'game_console'
Loaded module 'game_outfit'
Loaded module 'game_healthinfo'
Loaded module 'game_skills'
Loaded module 'game_inventory'
Loaded module 'game_combatcontrols'
Loaded module 'game_containers'
Loaded module 'game_viplist'
Loaded module 'game_battle'
Loaded module 'game_minimap'
Loaded module 'game_npctrade'
Loaded module 'game_textwindow'
Loaded module 'game_playertrade'
Loaded module 'game_bugreport'
Loaded module 'game_playerdeath'
Loaded module 'game_playermount'
Loaded module 'game_ruleviolation'
Loaded module 'game_market'
Loaded module 'game_spelllist'
Loaded module 'game_cooldown'
Loaded module 'game_modaldialog'
Loaded module 'game_unjustifiedpoints'
Fechando a aplicação..
== application started at Nov 17 2015 23:10:21
Zutria 0.6.3 rev 0 (devel) built on Nov 14 2015 for arch x86
Loaded module 'corelib'
Loaded module 'game_things'
Loaded module 'gamelib'
Loaded module 'client'
Loaded module 'client_styles'
Loaded module 'client_topmenu'
Loaded module 'client_background'
Loaded module 'client_options'
Loaded module 'client_stats'
Loaded module 'client_entergame'
Loaded module 'client_serverlist'
Loaded module 'game_interface'
Loaded module 'game_hotkeys'
Loaded module 'game_questlog'
Loaded module 'game_textmessage'
Loaded module 'game_console'
Loaded module 'game_outfit'
Loaded module 'game_healthinfo'
Loaded module 'game_skills'
Loaded module 'game_inventory'
Loaded module 'game_combatcontrols'
Loaded module 'game_containers'
Loaded module 'game_viplist'
Loaded module 'game_battle'
Loaded module 'game_minimap'
Loaded module 'game_npctrade'
Loaded module 'game_textwindow'
Loaded module 'game_playertrade'
Loaded module 'game_bugreport'
Loaded module 'game_playerdeath'
Loaded module 'game_playermount'
Loaded module 'game_ruleviolation'
Loaded module 'game_market'
Loaded module 'game_spelllist'
Loaded module 'game_cooldown'
Loaded module 'game_modaldialog'
Loaded module 'game_unjustifiedpoints'
Fechando a aplicação..
== application started at Nov 17 2015 23:10:37
Zutria 0.6.3 rev 0 (devel) built on Nov 14 2015 for arch x86
Loaded module 'corelib'
Loaded module 'game_things'
Loaded module 'gamelib'
Loaded module 'client'
Loaded module 'client_styles'
Loaded module 'client_topmenu'
Loaded module 'client_background'
Loaded module 'client_options'
Loaded module 'client_stats'
Loaded module 'client_entergame'
Loaded module 'client_serverlist'
Loaded module 'game_interface'
Loaded module 'game_hotkeys'
Loaded module 'game_questlog'
Loaded module 'game_textmessage'
Loaded module 'game_console'
Loaded module 'game_outfit'
Loaded module 'game_healthinfo'
Loaded module 'game_skills'
Loaded module 'game_inventory'
Loaded module 'game_combatcontrols'
Loaded module 'game_containers'
Loaded module 'game_viplist'
Loaded module 'game_battle'
Loaded module 'game_minimap'
Loaded module 'game_npctrade'
Loaded module 'game_textwindow'
Loaded module 'game_playertrade'
Loaded module 'game_bugreport'
Loaded module 'game_playerdeath'
Loaded module 'game_playermount'
Loaded module 'game_ruleviolation'
Loaded module 'game_market'
Loaded module 'game_spelllist'
Loaded module 'game_cooldown'
Loaded module 'game_modaldialog'
Loaded module 'game_unjustifiedpoints'
Fechando a aplicação..
== application started at Nov 17 2015 23:10:50
Zutria 0.6.3 rev 0 (devel) built on Nov 14 2015 for arch x86
Loaded module 'corelib'
Loaded module 'game_things'
Loaded module 'gamelib'
Loaded module 'client'
Loaded module 'client_styles'
Loaded module 'client_topmenu'
Loaded module 'client_background'
Loaded module 'client_options'
Loaded module 'client_stats'
Loaded module 'client_entergame'
Loaded module 'client_serverlist'
Loaded module 'game_interface'
Loaded module 'game_hotkeys'
Loaded module 'game_questlog'
Loaded module 'game_textmessage'
Loaded module 'game_console'
Loaded module 'game_outfit'
Loaded module 'game_healthinfo'
Loaded module 'game_skills'
Loaded module 'game_inventory'
Loaded module 'game_combatcontrols'
Loaded module 'game_containers'
Loaded module 'game_viplist'
Loaded module 'game_battle'
Loaded module 'game_minimap'
Loaded module 'game_npctrade'
Loaded module 'game_textwindow'
Loaded module 'game_playertrade'
Loaded module 'game_bugreport'
Loaded module 'game_playerdeath'
Loaded module 'game_playermount'
Loaded module 'game_ruleviolation'
Loaded module 'game_market'
Loaded module 'game_spelllist'
Loaded module 'game_cooldown'
Loaded module 'game_modaldialog'
Loaded module 'game_unjustifiedpoints'
Fechando a aplicação..
== application started at Nov 17 2015 23:13:16
Zutria 0.6.3 rev 0 (devel) built on Nov 14 2015 for arch x86
Loaded module 'corelib'
Loaded module 'game_things'
Loaded module 'gamelib'
Loaded module 'client'
Loaded module 'client_styles'
Loaded module 'client_topmenu'
Loaded module 'client_background'
Loaded module 'client_options'
Loaded module 'client_stats'
Loaded module 'client_entergame'
Loaded module 'client_serverlist'
Loaded module 'game_interface'
Loaded module 'game_hotkeys'
Loaded module 'game_questlog'
Loaded module 'game_textmessage'
Loaded module 'game_console'
Loaded module 'game_outfit'
Loaded module 'game_healthinfo'
Loaded module 'game_skills'
Loaded module 'game_inventory'
Loaded module 'game_combatcontrols'
Loaded module 'game_containers'
Loaded module 'game_viplist'
Loaded module 'game_battle'
Loaded module 'game_minimap'
Loaded module 'game_npctrade'
Loaded module 'game_textwindow'
Loaded module 'game_playertrade'
Loaded module 'game_bugreport'
Loaded module 'game_playerdeath'
Loaded module 'game_playermount'
Loaded module 'game_ruleviolation'
Loaded module 'game_market'
Loaded module 'game_spelllist'
Loaded module 'game_cooldown'
Loaded module 'game_modaldialog'
Loaded module 'game_unjustifiedpoints'
Fechando a aplicação..
== application started at Nov 17 2015 23:24:46
Zutria 0.6.3 rev 0 (devel) built on Nov 14 2015 for arch x86
Loaded module 'corelib'
Loaded module 'game_things'
Loaded module 'gamelib'
Loaded module 'client'
Loaded module 'client_styles'
Loaded module 'client_topmenu'
Loaded module 'client_background'
Loaded module 'client_options'
Loaded module 'client_stats'
Loaded module 'client_entergame'
Loaded module 'client_serverlist'
Loaded module 'game_interface'
Loaded module 'game_hotkeys'
Loaded module 'game_questlog'
Loaded module 'game_textmessage'
Loaded module 'game_console'
Loaded module 'game_outfit'
Loaded module 'game_healthinfo'
Loaded module 'game_skills'
Loaded module 'game_inventory'
Loaded module 'game_combatcontrols'
Loaded module 'game_containers'
Loaded module 'game_viplist'
Loaded module 'game_battle'
Loaded module 'game_minimap'
Loaded module 'game_npctrade'
Loaded module 'game_textwindow'
Loaded module 'game_playertrade'
Loaded module 'game_bugreport'
Loaded module 'game_playerdeath'
Loaded module 'game_playermount'
Loaded module 'game_ruleviolation'
Loaded module 'game_market'
Loaded module 'game_spelllist'
Loaded module 'game_cooldown'
Loaded module 'game_modaldialog'
Loaded module 'game_unjustifiedpoints'
Fechando a aplicação..
== application started at Nov 18 2015 00:25:43
Zutria 0.6.3 rev 0 (devel) built on Nov 14 2015 for arch x86
Loaded module 'corelib'
Loaded module 'game_things'
Loaded module 'gamelib'
Loaded module 'client'
Loaded module 'client_styles'
Loaded module 'client_topmenu'
Loaded module 'client_background'
Loaded module 'client_options'
Loaded module 'client_stats'
Loaded module 'client_entergame'
Loaded module 'client_serverlist'
Loaded module 'game_interface'
Loaded module 'game_hotkeys'
Loaded module 'game_questlog'
Loaded module 'game_textmessage'
Loaded module 'game_console'
Loaded module 'game_outfit'
Loaded module 'game_healthinfo'
Loaded module 'game_skills'
Loaded module 'game_inventory'
Loaded module 'game_combatcontrols'
Loaded module 'game_containers'
Loaded module 'game_viplist'
Loaded module 'game_battle'
Loaded module 'game_minimap'
Loaded module 'game_npctrade'
Loaded module 'game_textwindow'
Loaded module 'game_playertrade'
Loaded module 'game_bugreport'
Loaded module 'game_playerdeath'
Loaded module 'game_playermount'
Loaded module 'game_ruleviolation'
Loaded module 'game_market'
Loaded module 'game_spelllist'
Loaded module 'game_cooldown'
Loaded module 'game_modaldialog'
Loaded module 'game_unjustifiedpoints'
Fechando a aplicação..
== application started at Nov 18 2015 02:42:21
Zutria 0.6.3 rev 0 (devel) built on Nov 14 2015 for arch x86
Loaded module 'corelib'
Loaded module 'game_things'
Loaded module 'gamelib'
Loaded module 'client'
Loaded module 'client_styles'
Loaded module 'client_topmenu'
Loaded module 'client_background'
Loaded module 'client_options'
Loaded module 'client_stats'
Loaded module 'client_entergame'
Loaded module 'client_serverlist'
Loaded module 'game_interface'
Loaded module 'game_hotkeys'
Loaded module 'game_questlog'
Loaded module 'game_textmessage'
Loaded module 'game_console'
Loaded module 'game_outfit'
Loaded module 'game_healthinfo'
Loaded module 'game_skills'
Loaded module 'game_inventory'
Loaded module 'game_combatcontrols'
Loaded module 'game_containers'
Loaded module 'game_viplist'
Loaded module 'game_battle'
Loaded module 'game_minimap'
Loaded module 'game_npctrade'
Loaded module 'game_textwindow'
Loaded module 'game_playertrade'
Loaded module 'game_bugreport'
Loaded module 'game_playerdeath'
Loaded module 'game_playermount'
Loaded module 'game_ruleviolation'
Loaded module 'game_market'
Loaded module 'game_spelllist'
Loaded module 'game_cooldown'
Loaded module 'game_modaldialog'
Loaded module 'game_unjustifiedpoints'
Fechando a aplicação..
== application started at Nov 18 2015 13:57:34
Zutria 0.6.3 rev 0 (devel) built on Nov 14 2015 for arch x86
Loaded module 'corelib'
Loaded module 'game_things'
Loaded module 'gamelib'
Loaded module 'client'
Loaded module 'client_styles'
Loaded module 'client_topmenu'
Loaded module 'client_background'
Loaded module 'client_options'
Loaded module 'client_stats'
Loaded module 'client_entergame'
Loaded module 'client_serverlist'
Loaded module 'game_interface'
Loaded module 'game_hotkeys'
Loaded module 'game_questlog'
Loaded module 'game_textmessage'
Loaded module 'game_console'
Loaded module 'game_outfit'
Loaded module 'game_healthinfo'
Loaded module 'game_skills'
Loaded module 'game_inventory'
Loaded module 'game_combatcontrols'
Loaded module 'game_containers'
Loaded module 'game_viplist'
Loaded module 'game_battle'
Loaded module 'game_minimap'
Loaded module 'game_npctrade'
Loaded module 'game_textwindow'
Loaded module 'game_playertrade'
Loaded module 'game_bugreport'
Loaded module 'game_playerdeath'
Loaded module 'game_playermount'
Loaded module 'game_ruleviolation'
Loaded module 'game_market'
Loaded module 'game_spelllist'
Loaded module 'game_cooldown'
Loaded module 'game_modaldialog'
Loaded module 'game_unjustifiedpoints'
ERROR: protected lua call failed: LUA ERROR:
/game_interface/widgets/uigamemap.lua:69: attempt to index a nil value
stack traceback:
	[C]: in function '__index'
	/game_interface/widgets/uigamemap.lua:69: in function </game_interface/widgets/uigamemap.lua:59>
Fechando a aplicação..
== application started at Nov 18 2015 14:09:29
Zutria 0.6.3 rev 0 (devel) built on Nov 14 2015 for arch x86
Loaded module 'corelib'
Loaded module 'game_things'
Loaded module 'gamelib'
Loaded module 'client'
Loaded module 'client_styles'
Loaded module 'client_topmenu'
Loaded module 'client_background'
Loaded module 'client_options'
Loaded module 'client_stats'
Loaded module 'client_entergame'
Loaded module 'client_serverlist'
Loaded module 'game_interface'
Loaded module 'game_hotkeys'
Loaded module 'game_questlog'
Loaded module 'game_textmessage'
Loaded module 'game_console'
Loaded module 'game_outfit'
Loaded module 'game_healthinfo'
Loaded module 'game_skills'
Loaded module 'game_inventory'
Loaded module 'game_combatcontrols'
Loaded module 'game_containers'
Loaded module 'game_viplist'
Loaded module 'game_battle'
Loaded module 'game_minimap'
Loaded module 'game_npctrade'
Loaded module 'game_textwindow'
Loaded module 'game_playertrade'
Loaded module 'game_bugreport'
Loaded module 'game_playerdeath'
Loaded module 'game_playermount'
Loaded module 'game_ruleviolation'
Loaded module 'game_market'
Loaded module 'game_spelllist'
Loaded module 'game_cooldown'
Loaded module 'game_modaldialog'
Loaded module 'game_unjustifiedpoints'
Fechando a aplicação..
== application started at Nov 18 2015 14:12:22
Zutria 0.6.3 rev 0 (devel) built on Nov 14 2015 for arch x86
Loaded module 'corelib'
Loaded module 'game_things'
Loaded module 'gamelib'
Loaded module 'client'
Loaded module 'client_styles'
Loaded module 'client_topmenu'
Loaded module 'client_background'
Loaded module 'client_options'
Loaded module 'client_stats'
Loaded module 'client_entergame'
Loaded module 'client_serverlist'
Loaded module 'game_interface'
Loaded module 'game_hotkeys'
Loaded module 'game_questlog'
Loaded module 'game_textmessage'
Loaded module 'game_console'
Loaded module 'game_outfit'
Loaded module 'game_healthinfo'
Loaded module 'game_skills'
Loaded module 'game_inventory'
Loaded module 'game_combatcontrols'
Loaded module 'game_containers'
Loaded module 'game_viplist'
Loaded module 'game_battle'
Loaded module 'game_minimap'
Loaded module 'game_npctrade'
Loaded module 'game_textwindow'
Loaded module 'game_playertrade'
Loaded module 'game_bugreport'
Loaded module 'game_playerdeath'
Loaded module 'game_playermount'
Loaded module 'game_ruleviolation'
Loaded module 'game_market'
Loaded module 'game_spelllist'
Loaded module 'game_cooldown'
Loaded module 'game_modaldialog'
Loaded module 'game_unjustifiedpoints'
Fechando a aplicação..
== application started at Nov 18 2015 17:03:13
Zutria 0.6.3 rev 0 (devel) built on Nov 18 2015 for arch x86
Loaded module 'corelib'
Loaded module 'game_things'
Loaded module 'gamelib'
Loaded module 'client'
Loaded module 'client_styles'
Loaded module 'client_topmenu'
Loaded module 'client_background'
Loaded module 'client_options'
Loaded module 'client_stats'
Loaded module 'client_entergame'
Loaded module 'client_serverlist'
Loaded module 'game_interface'
Loaded module 'game_hotkeys'
Loaded module 'game_questlog'
Loaded module 'game_textmessage'
Loaded module 'game_console'
Loaded module 'game_outfit'
Loaded module 'game_healthinfo'
ERROR: Unable to load module 'game_skills': LUA ERROR: /game_skills/skills.lua:225: '<eof>' expected near 'end'
stack traceback:
	[builtin#146]: at 0x0faa4a30
	[C]: in function 'ensureModuleLoaded'
	/init.lua:46: in main chunk
Loaded module 'game_inventory'
Loaded module 'game_combatcontrols'
Loaded module 'game_containers'
Loaded module 'game_viplist'
Loaded module 'game_battle'
Loaded module 'game_minimap'
Loaded module 'game_npctrade'
Loaded module 'game_textwindow'
Loaded module 'game_playertrade'
Loaded module 'game_bugreport'
Loaded module 'game_playerdeath'
Loaded module 'game_playermount'
Loaded module 'game_ruleviolation'
Loaded module 'game_market'
Loaded module 'game_spelllist'
Loaded module 'game_cooldown'
Loaded module 'game_modaldialog'
Loaded module 'game_unjustifiedpoints'
Fechando a aplicação..
== application started at Nov 18 2015 17:04:39
Zutria 0.6.3 rev 0 (devel) built on Nov 18 2015 for arch x86
Loaded module 'corelib'
Loaded module 'game_things'
Loaded module 'gamelib'
Loaded module 'client'
Loaded module 'client_styles'
Loaded module 'client_topmenu'
Loaded module 'client_background'
Loaded module 'client_options'
Loaded module 'client_stats'
Loaded module 'client_entergame'
Loaded module 'client_serverlist'
Loaded module 'game_interface'
Loaded module 'game_hotkeys'
Loaded module 'game_questlog'
Loaded module 'game_textmessage'
Loaded module 'game_console'
Loaded module 'game_outfit'
Loaded module 'game_healthinfo'
ERROR: Unable to load module 'game_skills': LUA ERROR: /game_skills/skills.lua:225: '<eof>' expected near 'end'
stack traceback:
	[builtin#146]: at 0x0fce4a30
	[C]: in function 'ensureModuleLoaded'
	/init.lua:46: in main chunk
Loaded module 'game_inventory'
Loaded module 'game_combatcontrols'
Loaded module 'game_containers'
Loaded module 'game_viplist'
Loaded module 'game_battle'
Loaded module 'game_minimap'
Loaded module 'game_npctrade'
Loaded module 'game_textwindow'
Loaded module 'game_playertrade'
Loaded module 'game_bugreport'
Loaded module 'game_playerdeath'
Loaded module 'game_playermount'
Loaded module 'game_ruleviolation'
Loaded module 'game_market'
Loaded module 'game_spelllist'
Loaded module 'game_cooldown'
Loaded module 'game_modaldialog'
Loaded module 'game_unjustifiedpoints'
Fechando a aplicação..
== application started at Nov 18 2015 17:05:13
Zutria 0.6.3 rev 0 (devel) built on Nov 18 2015 for arch x86
Loaded module 'corelib'
Loaded module 'game_things'
Loaded module 'gamelib'
Loaded module 'client'
Loaded module 'client_styles'
Loaded module 'client_topmenu'
Loaded module 'client_background'
Loaded module 'client_options'
Loaded module 'client_stats'
Loaded module 'client_entergame'
Loaded module 'client_serverlist'
Loaded module 'game_interface'
Loaded module 'game_hotkeys'
Loaded module 'game_questlog'
Loaded module 'game_textmessage'
Loaded module 'game_console'
Loaded module 'game_outfit'
Loaded module 'game_healthinfo'
ERROR: Unable to load module 'game_skills': LUA ERROR: /game_skills/skills.lua:225: '<eof>' expected near 'end'
stack traceback:
	[builtin#146]: at 0x0fb34a30
	[C]: in function 'ensureModuleLoaded'
	/init.lua:46: in main chunk
Loaded module 'game_inventory'
Loaded module 'game_combatcontrols'
Loaded module 'game_containers'
Loaded module 'game_viplist'
Loaded module 'game_battle'
Loaded module 'game_minimap'
Loaded module 'game_npctrade'
Loaded module 'game_textwindow'
Loaded module 'game_playertrade'
Loaded module 'game_bugreport'
Loaded module 'game_playerdeath'
Loaded module 'game_playermount'
Loaded module 'game_ruleviolation'
Loaded module 'game_market'
Loaded module 'game_spelllist'
Loaded module 'game_cooldown'
Loaded module 'game_modaldialog'
Loaded module 'game_unjustifiedpoints'
Fechando a aplicação..
== application started at Nov 18 2015 17:05:58
Zutria 0.6.3 rev 0 (devel) built on Nov 18 2015 for arch x86
Loaded module 'corelib'
Loaded module 'game_things'
Loaded module 'gamelib'
Loaded module 'client'
Loaded module 'client_styles'
Loaded module 'client_topmenu'
Loaded module 'client_background'
Loaded module 'client_options'
Loaded module 'client_stats'
Loaded module 'client_entergame'
Loaded module 'client_serverlist'
Loaded module 'game_interface'
Loaded module 'game_hotkeys'
Loaded module 'game_questlog'
Loaded module 'game_textmessage'
Loaded module 'game_console'
Loaded module 'game_outfit'
Loaded module 'game_healthinfo'
ERROR: Unable to load module 'game_skills': LUA ERROR: /game_skills/skills.lua:203: unexpected symbol near ')'
stack traceback:
	[builtin#146]: at 0x0f5e4a30
	[C]: in function 'ensureModuleLoaded'
	/init.lua:46: in main chunk
Loaded module 'game_inventory'
Loaded module 'game_combatcontrols'
Loaded module 'game_containers'
Loaded module 'game_viplist'
Loaded module 'game_battle'
Loaded module 'game_minimap'
Loaded module 'game_npctrade'
Loaded module 'game_textwindow'
Loaded module 'game_playertrade'
Loaded module 'game_bugreport'
Loaded module 'game_playerdeath'
Loaded module 'game_playermount'
Loaded module 'game_ruleviolation'
Loaded module 'game_market'
Loaded module 'game_spelllist'
Loaded module 'game_cooldown'
Loaded module 'game_modaldialog'
Loaded module 'game_unjustifiedpoints'
Fechando a aplicação..
== application started at Nov 18 2015 17:06:30
Zutria 0.6.3 rev 0 (devel) built on Nov 18 2015 for arch x86
Loaded module 'corelib'
Loaded module 'game_things'
Loaded module 'gamelib'
Loaded module 'client'
Loaded module 'client_styles'
Loaded module 'client_topmenu'
Loaded module 'client_background'
Loaded module 'client_options'
Loaded module 'client_stats'
Loaded module 'client_entergame'
Loaded module 'client_serverlist'
Loaded module 'game_interface'
Loaded module 'game_hotkeys'
Loaded module 'game_questlog'
Loaded module 'game_textmessage'
Loaded module 'game_console'
Loaded module 'game_outfit'
Loaded module 'game_healthinfo'
ERROR: Unable to load module 'game_skills': LUA ERROR: /game_skills/skills.lua:203: unexpected symbol near ')'
stack traceback:
	[builtin#146]: at 0x0fd34a30
	[C]: in function 'ensureModuleLoaded'
	/init.lua:46: in main chunk
Loaded module 'game_inventory'
Loaded module 'game_combatcontrols'
Loaded module 'game_containers'
Loaded module 'game_viplist'
Loaded module 'game_battle'
Loaded module 'game_minimap'
Loaded module 'game_npctrade'
Loaded module 'game_textwindow'
Loaded module 'game_playertrade'
Loaded module 'game_bugreport'
Loaded module 'game_playerdeath'
Loaded module 'game_playermount'
Loaded module 'game_ruleviolation'
Loaded module 'game_market'
Loaded module 'game_spelllist'
Loaded module 'game_cooldown'
Loaded module 'game_modaldialog'
Loaded module 'game_unjustifiedpoints'
Fechando a aplicação..
== application started at Nov 18 2015 17:06:57
Zutria 0.6.3 rev 0 (devel) built on Nov 18 2015 for arch x86
Loaded module 'corelib'
Loaded module 'game_things'
Loaded module 'gamelib'
Loaded module 'client'
Loaded module 'client_styles'
Loaded module 'client_topmenu'
Loaded module 'client_background'
Loaded module 'client_options'
Loaded module 'client_stats'
Loaded module 'client_entergame'
Loaded module 'client_serverlist'
Loaded module 'game_interface'
Loaded module 'game_hotkeys'
Loaded module 'game_questlog'
Loaded module 'game_textmessage'
Loaded module 'game_console'
Loaded module 'game_outfit'
Loaded module 'game_healthinfo'
Loaded module 'game_skills'
Loaded module 'game_inventory'
Loaded module 'game_combatcontrols'
Loaded module 'game_containers'
Loaded module 'game_viplist'
Loaded module 'game_battle'
Loaded module 'game_minimap'
Loaded module 'game_npctrade'
Loaded module 'game_textwindow'
Loaded module 'game_playertrade'
Loaded module 'game_bugreport'
Loaded module 'game_playerdeath'
Loaded module 'game_playermount'
Loaded module 'game_ruleviolation'
Loaded module 'game_market'
Loaded module 'game_spelllist'
Loaded module 'game_cooldown'
Loaded module 'game_modaldialog'
Loaded module 'game_unjustifiedpoints'
Fechando a aplicação..
== application started at Nov 18 2015 17:07:19
Zutria 0.6.3 rev 0 (devel) built on Nov 18 2015 for arch x86
Loaded module 'corelib'
Loaded module 'game_things'
Loaded module 'gamelib'
Loaded module 'client'
Loaded module 'client_styles'
Loaded module 'client_topmenu'
Loaded module 'client_background'
Loaded module 'client_options'
Loaded module 'client_stats'
Loaded module 'client_entergame'
Loaded module 'client_serverlist'
Loaded module 'game_interface'
Loaded module 'game_hotkeys'
Loaded module 'game_questlog'
Loaded module 'game_textmessage'
Loaded module 'game_console'
Loaded module 'game_outfit'
Loaded module 'game_healthinfo'
ERROR: Unable to load module 'game_skills': LUA ERROR: /game_skills/skills.lua:203: unexpected symbol near ')'
stack traceback:
	[builtin#146]: at 0x0fc24a30
	[C]: in function 'ensureModuleLoaded'
	/init.lua:46: in main chunk
Loaded module 'game_inventory'
Loaded module 'game_combatcontrols'
Loaded module 'game_containers'
Loaded module 'game_viplist'
Loaded module 'game_battle'
Loaded module 'game_minimap'
Loaded module 'game_npctrade'
Loaded module 'game_textwindow'
Loaded module 'game_playertrade'
Loaded module 'game_bugreport'
Loaded module 'game_playerdeath'
Loaded module 'game_playermount'
Loaded module 'game_ruleviolation'
Loaded module 'game_market'
Loaded module 'game_spelllist'
Loaded module 'game_cooldown'
Loaded module 'game_modaldialog'
Loaded module 'game_unjustifiedpoints'
Fechando a aplicação..
== application started at Nov 18 2015 17:07:35
Zutria 0.6.3 rev 0 (devel) built on Nov 18 2015 for arch x86
Loaded module 'corelib'
Loaded module 'game_things'
Loaded module 'gamelib'
Loaded module 'client'
Loaded module 'client_styles'
Loaded module 'client_topmenu'
Loaded module 'client_background'
Loaded module 'client_options'
Loaded module 'client_stats'
Loaded module 'client_entergame'
Loaded module 'client_serverlist'
Loaded module 'game_interface'
Loaded module 'game_hotkeys'
Loaded module 'game_questlog'
Loaded module 'game_textmessage'
Loaded module 'game_console'
Loaded module 'game_outfit'
Loaded module 'game_healthinfo'
Loaded module 'game_skills'
Loaded module 'game_inventory'
Loaded module 'game_combatcontrols'
Loaded module 'game_containers'
Loaded module 'game_viplist'
Loaded module 'game_battle'
Loaded module 'game_minimap'
Loaded module 'game_npctrade'
Loaded module 'game_textwindow'
Loaded module 'game_playertrade'
Loaded module 'game_bugreport'
Loaded module 'game_playerdeath'
Loaded module 'game_playermount'
Loaded module 'game_ruleviolation'
Loaded module 'game_market'
Loaded module 'game_spelllist'
Loaded module 'game_cooldown'
Loaded module 'game_modaldialog'
Loaded module 'game_unjustifiedpoints'
Fechando a aplicação..
== application started at Nov 18 2015 17:07:50
Zutria 0.6.3 rev 0 (devel) built on Nov 18 2015 for arch x86
Loaded module 'corelib'
Loaded module 'game_things'
Loaded module 'gamelib'
Loaded module 'client'
Loaded module 'client_styles'
Loaded module 'client_topmenu'
Loaded module 'client_background'
Loaded module 'client_options'
Loaded module 'client_stats'
Loaded module 'client_entergame'
Loaded module 'client_serverlist'
Loaded module 'game_interface'
Loaded module 'game_hotkeys'
Loaded module 'game_questlog'
Loaded module 'game_textmessage'
Loaded module 'game_console'
Loaded module 'game_outfit'
Loaded module 'game_healthinfo'
Loaded module 'game_skills'
Loaded module 'game_inventory'
Loaded module 'game_combatcontrols'
Loaded module 'game_containers'
Loaded module 'game_viplist'
Loaded module 'game_battle'
Loaded module 'game_minimap'
Loaded module 'game_npctrade'
Loaded module 'game_textwindow'
Loaded module 'game_playertrade'
Loaded module 'game_bugreport'
Loaded module 'game_playerdeath'
Loaded module 'game_playermount'
Loaded module 'game_ruleviolation'
Loaded module 'game_market'
Loaded module 'game_spelllist'
Loaded module 'game_cooldown'
Loaded module 'game_modaldialog'
Loaded module 'game_unjustifiedpoints'
ERROR: protected lua call failed: LUA ERROR:
/game_skills/skills.lua:92: attempt to index local 'skill' (a nil value)
stack traceback:
	[C]: in function '__index'
	/game_skills/skills.lua:92: in function 'setSkillBase'
	/game_skills/skills.lua:408: in function </game_skills/skills.lua:407>
ERROR: protected lua call failed: LUA ERROR:
/game_skills/skills.lua:92: attempt to index local 'skill' (a nil value)
stack traceback:
	[C]: in function '__index'
	/game_skills/skills.lua:92: in function 'setSkillBase'
	/game_skills/skills.lua:408: in function 'onBaseSpeedChange'
	/game_skills/skills.lua:404: in function </game_skills/skills.lua:401>
ERROR: protected lua call failed: LUA ERROR:
/game_skills/skills.lua:92: attempt to index local 'skill' (a nil value)
stack traceback:
	[C]: in function '__index'
	/game_skills/skills.lua:92: in function 'setSkillBase'
	/game_skills/skills.lua:408: in function </game_skills/skills.lua:407>
ERROR: protected lua call failed: LUA ERROR:
/game_skills/skills.lua:92: attempt to index local 'skill' (a nil value)
stack traceback:
	[C]: in function '__index'
	/game_skills/skills.lua:92: in function 'setSkillBase'
	/game_skills/skills.lua:408: in function 'onBaseSpeedChange'
	/game_skills/skills.lua:404: in function </game_skills/skills.lua:401>
ERROR: protected lua call failed: LUA ERROR:
/game_skills/skills.lua:92: attempt to index local 'skill' (a nil value)
stack traceback:
	[C]: in function '__index'
	/game_skills/skills.lua:92: in function 'setSkillBase'
	/game_skills/skills.lua:408: in function </game_skills/skills.lua:407>
ERROR: protected lua call failed: LUA ERROR:
/game_skills/skills.lua:92: attempt to index local 'skill' (a nil value)
stack traceback:
	[C]: in function '__index'
	/game_skills/skills.lua:92: in function 'setSkillBase'
	/game_skills/skills.lua:408: in function </game_skills/skills.lua:407>
Fechando a aplicação..
== application started at Nov 18 2015 17:13:53
Zutria 0.6.3 rev 0 (devel) built on Nov 18 2015 for arch x86
Loaded module 'corelib'
Loaded module 'game_things'
Loaded module 'gamelib'
Loaded module 'client'
Loaded module 'client_styles'
Loaded module 'client_topmenu'
Loaded module 'client_background'
Loaded module 'client_options'
Loaded module 'client_stats'
Loaded module 'client_entergame'
Loaded module 'client_serverlist'
Loaded module 'game_interface'
Loaded module 'game_hotkeys'
Loaded module 'game_questlog'
Loaded module 'game_textmessage'
Loaded module 'game_console'
Loaded module 'game_outfit'
Loaded module 'game_healthinfo'
Loaded module 'game_skills'
Loaded module 'game_inventory'
Loaded module 'game_combatcontrols'
Loaded module 'game_containers'
Loaded module 'game_viplist'
Loaded module 'game_battle'
Loaded module 'game_minimap'
Loaded module 'game_npctrade'
Loaded module 'game_textwindow'
Loaded module 'game_playertrade'
Loaded module 'game_bugreport'
Loaded module 'game_playerdeath'
Loaded module 'game_playermount'
Loaded module 'game_ruleviolation'
Loaded module 'game_market'
Loaded module 'game_spelllist'
Loaded module 'game_cooldown'
Loaded module 'game_modaldialog'
Loaded module 'game_unjustifiedpoints'
ERROR: protected lua call failed: LUA ERROR:
/game_skills/skills.lua:92: attempt to index local 'skill' (a nil value)
stack traceback:
	[C]: in function '__index'
	/game_skills/skills.lua:92: in function 'setSkillBase'
	/game_skills/skills.lua:408: in function </game_skills/skills.lua:407>
Fechando a aplicação..
== application started at Nov 18 2015 17:14:06
Zutria 0.6.3 rev 0 (devel) built on Nov 18 2015 for arch x86
Loaded module 'corelib'
Loaded module 'game_things'
Loaded module 'gamelib'
Loaded module 'client'
Loaded module 'client_styles'
Loaded module 'client_topmenu'
Loaded module 'client_background'
Loaded module 'client_options'
Loaded module 'client_stats'
Loaded module 'client_entergame'
Loaded module 'client_serverlist'
Loaded module 'game_interface'
Loaded module 'game_hotkeys'
Loaded module 'game_questlog'
Loaded module 'game_textmessage'
Loaded module 'game_console'
Loaded module 'game_outfit'
Loaded module 'game_healthinfo'
Loaded module 'game_skills'
Loaded module 'game_inventory'
Loaded module 'game_combatcontrols'
Loaded module 'game_containers'
Loaded module 'game_viplist'
Loaded module 'game_battle'
Loaded module 'game_minimap'
Loaded module 'game_npctrade'
Loaded module 'game_textwindow'
Loaded module 'game_playertrade'
Loaded module 'game_bugreport'
Loaded module 'game_playerdeath'
Loaded module 'game_playermount'
Loaded module 'game_ruleviolation'
Loaded module 'game_market'
Loaded module 'game_spelllist'
Loaded module 'game_cooldown'
Loaded module 'game_modaldialog'
Loaded module 'game_unjustifiedpoints'
ERROR: protected lua call failed: LUA ERROR:
/game_skills/skills.lua:92: attempt to index local 'skill' (a nil value)
stack traceback:
	[C]: in function '__index'
	/game_skills/skills.lua:92: in function 'setSkillBase'
	/game_skills/skills.lua:408: in function </game_skills/skills.lua:407>
ERROR: protected lua call failed: LUA ERROR:
/game_skills/skills.lua:92: attempt to index local 'skill' (a nil value)
stack traceback:
	[C]: in function '__index'
	/game_skills/skills.lua:92: in function 'setSkillBase'
	/game_skills/skills.lua:408: in function </game_skills/skills.lua:407>
Fechando a aplicação..
== application started at Nov 18 2015 17:18:47
Zutria 0.6.3 rev 0 (devel) built on Nov 18 2015 for arch x86
Loaded module 'corelib'
Loaded module 'game_things'
Loaded module 'gamelib'
Loaded module 'client'
Loaded module 'client_styles'
Loaded module 'client_topmenu'
Loaded module 'client_background'
Loaded module 'client_options'
Loaded module 'client_stats'
Loaded module 'client_entergame'
Loaded module 'client_serverlist'
Loaded module 'game_interface'
Loaded module 'game_hotkeys'
Loaded module 'game_questlog'
Loaded module 'game_textmessage'
Loaded module 'game_console'
Loaded module 'game_outfit'
Loaded module 'game_healthinfo'
Loaded module 'game_skills'
Loaded module 'game_inventory'
Loaded module 'game_combatcontrols'
Loaded module 'game_containers'
Loaded module 'game_viplist'
Loaded module 'game_battle'
Loaded module 'game_minimap'
Loaded module 'game_npctrade'
Loaded module 'game_textwindow'
Loaded module 'game_playertrade'
Loaded module 'game_bugreport'
Loaded module 'game_playerdeath'
Loaded module 'game_playermount'
Loaded module 'game_ruleviolation'
Loaded module 'game_market'
Loaded module 'game_spelllist'
Loaded module 'game_cooldown'
Loaded module 'game_modaldialog'
Loaded module 'game_unjustifiedpoints'
ERROR: protected lua call failed: LUA ERROR:
/game_skills/skills.lua:92: attempt to index local 'skill' (a nil value)
stack traceback:
	[C]: in function '__index'
	/game_skills/skills.lua:92: in function 'setSkillBase'
	/game_skills/skills.lua:408: in function </game_skills/skills.lua:407>
Fechando a aplicação..
== application started at Nov 18 2015 17:32:48
Zutria 0.6.3 rev 0 (devel) built on Nov 18 2015 for arch x86
Loaded module 'corelib'
Loaded module 'game_things'
Loaded module 'gamelib'
Loaded module 'client'
Loaded module 'client_styles'
Loaded module 'client_topmenu'
Loaded module 'client_background'
Loaded module 'client_options'
Loaded module 'client_stats'
Loaded module 'client_entergame'
Loaded module 'client_serverlist'
Loaded module 'game_interface'
Loaded module 'game_hotkeys'
Loaded module 'game_questlog'
Loaded module 'game_textmessage'
Loaded module 'game_console'
Loaded module 'game_outfit'
Loaded module 'game_healthinfo'
Loaded module 'game_skills'
Loaded module 'game_inventory'
Loaded module 'game_combatcontrols'
Loaded module 'game_containers'
Loaded module 'game_viplist'
Loaded module 'game_battle'
Loaded module 'game_minimap'
Loaded module 'game_npctrade'
Loaded module 'game_textwindow'
Loaded module 'game_playertrade'
Loaded module 'game_bugreport'
Loaded module 'game_playerdeath'
Loaded module 'game_playermount'
Loaded module 'game_ruleviolation'
Loaded module 'game_market'
Loaded module 'game_spelllist'
Loaded module 'game_cooldown'
Loaded module 'game_modaldialog'
Loaded module 'game_unjustifiedpoints'
ERROR: protected lua call failed: LUA ERROR:
/game_skills/skills.lua:92: attempt to index local 'skill' (a nil value)
stack traceback:
	[C]: in function '__index'
	/game_skills/skills.lua:92: in function 'setSkillBase'
	/game_skills/skills.lua:408: in function </game_skills/skills.lua:407>
Fechando a aplicação..
== application started at Nov 18 2015 17:33:50
Zutria 0.6.3 rev 0 (devel) built on Nov 18 2015 for arch x86
Loaded module 'corelib'
Loaded module 'game_things'
Loaded module 'gamelib'
Loaded module 'client'
Loaded module 'client_styles'
Loaded module 'client_topmenu'
Loaded module 'client_background'
Loaded module 'client_options'
Loaded module 'client_stats'
Loaded module 'client_entergame'
Loaded module 'client_serverlist'
Loaded module 'game_interface'
Loaded module 'game_hotkeys'
Loaded module 'game_questlog'
Loaded module 'game_textmessage'
Loaded module 'game_console'
Loaded module 'game_outfit'
Loaded module 'game_healthinfo'
Loaded module 'game_skills'
Loaded module 'game_inventory'
Loaded module 'game_combatcontrols'
Loaded module 'game_containers'
Loaded module 'game_viplist'
Loaded module 'game_battle'
Loaded module 'game_minimap'
Loaded module 'game_npctrade'
Loaded module 'game_textwindow'
Loaded module 'game_playertrade'
Loaded module 'game_bugreport'
Loaded module 'game_playerdeath'
Loaded module 'game_playermount'
Loaded module 'game_ruleviolation'
Loaded module 'game_market'
Loaded module 'game_spelllist'
Loaded module 'game_cooldown'
Loaded module 'game_modaldialog'
Loaded module 'game_unjustifiedpoints'
ERROR: protected lua call failed: LUA ERROR:
/game_skills/skills.lua:92: attempt to index local 'skill' (a nil value)
stack traceback:
	[C]: in function '__index'
	/game_skills/skills.lua:92: in function 'setSkillBase'
	/game_skills/skills.lua:408: in function </game_skills/skills.lua:407>
Fechando a aplicação..
== application started at Nov 18 2015 17:34:21
Zutria 0.6.3 rev 0 (devel) built on Nov 18 2015 for arch x86
Loaded module 'corelib'
Loaded module 'game_things'
Loaded module 'gamelib'
Loaded module 'client'
Loaded module 'client_styles'
Loaded module 'client_topmenu'
Loaded module 'client_background'
Loaded module 'client_options'
Loaded module 'client_stats'
Loaded module 'client_entergame'
Loaded module 'client_serverlist'
Loaded module 'game_interface'
Loaded module 'game_hotkeys'
Loaded module 'game_questlog'
Loaded module 'game_textmessage'
Loaded module 'game_console'
Loaded module 'game_outfit'
Loaded module 'game_healthinfo'
Loaded module 'game_skills'
Loaded module 'game_inventory'
Loaded module 'game_combatcontrols'
Loaded module 'game_containers'
Loaded module 'game_viplist'
Loaded module 'game_battle'
Loaded module 'game_minimap'
Loaded module 'game_npctrade'
Loaded module 'game_textwindow'
Loaded module 'game_playertrade'
Loaded module 'game_bugreport'
Loaded module 'game_playerdeath'
Loaded module 'game_playermount'
Loaded module 'game_ruleviolation'
Loaded module 'game_market'
Loaded module 'game_spelllist'
Loaded module 'game_cooldown'
Loaded module 'game_modaldialog'
Loaded module 'game_unjustifiedpoints'
ERROR: protected lua call failed: LUA ERROR:
/game_skills/skills.lua:92: attempt to index local 'skill' (a nil value)
stack traceback:
	[C]: in function '__index'
	/game_skills/skills.lua:92: in function 'setSkillBase'
	/game_skills/skills.lua:408: in function </game_skills/skills.lua:407>
ERROR: protected lua call failed: LUA ERROR:
/game_skills/skills.lua:92: attempt to index local 'skill' (a nil value)
stack traceback:
	[C]: in function '__index'
	/game_skills/skills.lua:92: in function 'setSkillBase'
	/game_skills/skills.lua:408: in function 'onBaseSpeedChange'
	/game_skills/skills.lua:404: in function </game_skills/skills.lua:401>
ERROR: protected lua call failed: LUA ERROR:
/game_skills/skills.lua:92: attempt to index local 'skill' (a nil value)
stack traceback:
	[C]: in function '__index'
	/game_skills/skills.lua:92: in function 'setSkillBase'
	/game_skills/skills.lua:408: in function </game_skills/skills.lua:407>
ERROR: protected lua call failed: LUA ERROR:
/game_skills/skills.lua:92: attempt to index local 'skill' (a nil value)
stack traceback:
	[C]: in function '__index'
	/game_skills/skills.lua:92: in function 'setSkillBase'
	/game_skills/skills.lua:408: in function 'onBaseSpeedChange'
	/game_skills/skills.lua:404: in function </game_skills/skills.lua:401>
ERROR: protected lua call failed: LUA ERROR:
/game_skills/skills.lua:92: attempt to index local 'skill' (a nil value)
stack traceback:
	[C]: in function '__index'
	/game_skills/skills.lua:92: in function 'setSkillBase'
	/game_skills/skills.lua:408: in function </game_skills/skills.lua:407>
ERROR: protected lua call failed: LUA ERROR:
/game_skills/skills.lua:92: attempt to index local 'skill' (a nil value)
stack traceback:
	[C]: in function '__index'
	/game_skills/skills.lua:92: in function 'setSkillBase'
	/game_skills/skills.lua:408: in function 'onBaseSpeedChange'
	/game_skills/skills.lua:404: in function </game_skills/skills.lua:401>
ERROR: protected lua call failed: LUA ERROR:
/game_skills/skills.lua:92: attempt to index local 'skill' (a nil value)
stack traceback:
	[C]: in function '__index'
	/game_skills/skills.lua:92: in function 'setSkillBase'
	/game_skills/skills.lua:408: in function </game_skills/skills.lua:407>
ERROR: protected lua call failed: LUA ERROR:
/game_skills/skills.lua:92: attempt to index local 'skill' (a nil value)
stack traceback:
	[C]: in function '__index'
	/game_skills/skills.lua:92: in function 'setSkillBase'
	/game_skills/skills.lua:408: in function 'onBaseSpeedChange'
	/game_skills/skills.lua:404: in function </game_skills/skills.lua:401>
ERROR: protected lua call failed: LUA ERROR:
/game_skills/skills.lua:92: attempt to index local 'skill' (a nil value)
stack traceback:
	[C]: in function '__index'
	/game_skills/skills.lua:92: in function 'setSkillBase'
	/game_skills/skills.lua:408: in function </game_skills/skills.lua:407>
ERROR: protected lua call failed: LUA ERROR:
/game_skills/skills.lua:92: attempt to index local 'skill' (a nil value)
stack traceback:
	[C]: in function '__index'
	/game_skills/skills.lua:92: in function 'setSkillBase'
	/game_skills/skills.lua:408: in function 'onBaseSpeedChange'
	/game_skills/skills.lua:404: in function </game_skills/skills.lua:401>
ERROR: protected lua call failed: LUA ERROR:
/game_skills/skills.lua:92: attempt to index local 'skill' (a nil value)
stack traceback:
	[C]: in function '__index'
	/game_skills/skills.lua:92: in function 'setSkillBase'
	/game_skills/skills.lua:408: in function </game_skills/skills.lua:407>
ERROR: protected lua call failed: LUA ERROR:
/game_skills/skills.lua:92: attempt to index local 'skill' (a nil value)
stack traceback:
	[C]: in function '__index'
	/game_skills/skills.lua:92: in function 'setSkillBase'
	/game_skills/skills.lua:408: in function 'onBaseSpeedChange'
	/game_skills/skills.lua:404: in function </game_skills/skills.lua:401>
ERROR: protected lua call failed: LUA ERROR:
/game_skills/skills.lua:92: attempt to index local 'skill' (a nil value)
stack traceback:
	[C]: in function '__index'
	/game_skills/skills.lua:92: in function 'setSkillBase'
	/game_skills/skills.lua:408: in function </game_skills/skills.lua:407>
Fechando a aplicação..
== application started at Nov 18 2015 17:52:18
Zutria 0.6.3 rev 0 (devel) built on Nov 18 2015 for arch x86
Loaded module 'corelib'
Loaded module 'game_things'
Loaded module 'gamelib'
Loaded module 'client'
Loaded module 'client_styles'
Loaded module 'client_topmenu'
Loaded module 'client_background'
Loaded module 'client_options'
Loaded module 'client_stats'
Loaded module 'client_entergame'
Loaded module 'client_serverlist'
Loaded module 'game_interface'
Loaded module 'game_hotkeys'
Loaded module 'game_questlog'
Loaded module 'game_textmessage'
Loaded module 'game_console'
Loaded module 'game_outfit'
Loaded module 'game_healthinfo'
Loaded module 'game_skills'
Loaded module 'game_inventory'
Loaded module 'game_combatcontrols'
Loaded module 'game_containers'
Loaded module 'game_viplist'
Loaded module 'game_battle'
Loaded module 'game_minimap'
Loaded module 'game_npctrade'
Loaded module 'game_textwindow'
Loaded module 'game_playertrade'
Loaded module 'game_bugreport'
Loaded module 'game_playerdeath'
Loaded module 'game_playermount'
Loaded module 'game_ruleviolation'
Loaded module 'game_market'
Loaded module 'game_spelllist'
Loaded module 'game_cooldown'
Loaded module 'game_modaldialog'
Loaded module 'game_unjustifiedpoints'
Fechando a aplicação..
== application started at Nov 18 2015 17:52:43
Zutria 0.6.3 rev 0 (devel) built on Nov 18 2015 for arch x86
Loaded module 'corelib'
Loaded module 'game_things'
Loaded module 'gamelib'
Loaded module 'client'
Loaded module 'client_styles'
Loaded module 'client_topmenu'
Loaded module 'client_background'
Loaded module 'client_options'
Loaded module 'client_stats'
Loaded module 'client_entergame'
Loaded module 'client_serverlist'
Loaded module 'game_interface'
Loaded module 'game_hotkeys'
Loaded module 'game_questlog'
Loaded module 'game_textmessage'
Loaded module 'game_console'
Loaded module 'game_outfit'
Loaded module 'game_healthinfo'
Loaded module 'game_skills'
Loaded module 'game_inventory'
Loaded module 'game_combatcontrols'
Loaded module 'game_containers'
Loaded module 'game_viplist'
Loaded module 'game_battle'
Loaded module 'game_minimap'
Loaded module 'game_npctrade'
Loaded module 'game_textwindow'
Loaded module 'game_playertrade'
Loaded module 'game_bugreport'
Loaded module 'game_playerdeath'
Loaded module 'game_playermount'
Loaded module 'game_ruleviolation'
Loaded module 'game_market'
Loaded module 'game_spelllist'
Loaded module 'game_cooldown'
Loaded module 'game_modaldialog'
Loaded module 'game_unjustifiedpoints'
Fechando a aplicação..
== application started at Nov 18 2015 17:53:06
Zutria 0.6.3 rev 0 (devel) built on Nov 18 2015 for arch x86
Loaded module 'corelib'
Loaded module 'game_things'
Loaded module 'gamelib'
Loaded module 'client'
Loaded module 'client_styles'
Loaded module 'client_topmenu'
Loaded module 'client_background'
Loaded module 'client_options'
Loaded module 'client_stats'
Loaded module 'client_entergame'
Loaded module 'client_serverlist'
Loaded module 'game_interface'
Loaded module 'game_hotkeys'
Loaded module 'game_questlog'
Loaded module 'game_textmessage'
Loaded module 'game_console'
Loaded module 'game_outfit'
Loaded module 'game_healthinfo'
Loaded module 'game_skills'
Loaded module 'game_inventory'
Loaded module 'game_combatcontrols'
Loaded module 'game_containers'
Loaded module 'game_viplist'
Loaded module 'game_battle'
Loaded module 'game_minimap'
Loaded module 'game_npctrade'
Loaded module 'game_textwindow'
Loaded module 'game_playertrade'
Loaded module 'game_bugreport'
Loaded module 'game_playerdeath'
Loaded module 'game_playermount'
Loaded module 'game_ruleviolation'
Loaded module 'game_market'
Loaded module 'game_spelllist'
Loaded module 'game_cooldown'
Loaded module 'game_modaldialog'
Loaded module 'game_unjustifiedpoints'
Fechando a aplicação..
== application started at Nov 18 2015 17:53:19
Zutria 0.6.3 rev 0 (devel) built on Nov 18 2015 for arch x86
Loaded module 'corelib'
Loaded module 'game_things'
Loaded module 'gamelib'
Loaded module 'client'
Loaded module 'client_styles'
Loaded module 'client_topmenu'
Loaded module 'client_background'
Loaded module 'client_options'
Loaded module 'client_stats'
Loaded module 'client_entergame'
Loaded module 'client_serverlist'
Loaded module 'game_interface'
Loaded module 'game_hotkeys'
Loaded module 'game_questlog'
Loaded module 'game_textmessage'
Loaded module 'game_console'
Loaded module 'game_outfit'
Loaded module 'game_healthinfo'
Loaded module 'game_skills'
Loaded module 'game_inventory'
Loaded module 'game_combatcontrols'
Loaded module 'game_containers'
Loaded module 'game_viplist'
Loaded module 'game_battle'
Loaded module 'game_minimap'
Loaded module 'game_npctrade'
Loaded module 'game_textwindow'
Loaded module 'game_playertrade'
Loaded module 'game_bugreport'
Loaded module 'game_playerdeath'
Loaded module 'game_playermount'
Loaded module 'game_ruleviolation'
Loaded module 'game_market'
Loaded module 'game_spelllist'
Loaded module 'game_cooldown'
Loaded module 'game_modaldialog'
Loaded module 'game_unjustifiedpoints'
Fechando a aplicação..
== application started at Nov 18 2015 17:53:48
Zutria 0.6.3 rev 0 (devel) built on Nov 18 2015 for arch x86
Loaded module 'corelib'
Loaded module 'game_things'
Loaded module 'gamelib'
Loaded module 'client'
Loaded module 'client_styles'
Loaded module 'client_topmenu'
Loaded module 'client_background'
Loaded module 'client_options'
Loaded module 'client_stats'
Loaded module 'client_entergame'
Loaded module 'client_serverlist'
Loaded module 'game_interface'
Loaded module 'game_hotkeys'
Loaded module 'game_questlog'
Loaded module 'game_textmessage'
Loaded module 'game_console'
Loaded module 'game_outfit'
Loaded module 'game_healthinfo'
Loaded module 'game_skills'
Loaded module 'game_inventory'
Loaded module 'game_combatcontrols'
Loaded module 'game_containers'
Loaded module 'game_viplist'
Loaded module 'game_battle'
Loaded module 'game_minimap'
Loaded module 'game_npctrade'
Loaded module 'game_textwindow'
Loaded module 'game_playertrade'
Loaded module 'game_bugreport'
Loaded module 'game_playerdeath'
Loaded module 'game_playermount'
Loaded module 'game_ruleviolation'
Loaded module 'game_market'
Loaded module 'game_spelllist'
Loaded module 'game_cooldown'
Loaded module 'game_modaldialog'
Loaded module 'game_unjustifiedpoints'
Fechando a aplicação..
== application started at Nov 18 2015 17:54:05
Zutria 0.6.3 rev 0 (devel) built on Nov 18 2015 for arch x86
Loaded module 'corelib'
Loaded module 'game_things'
Loaded module 'gamelib'
Loaded module 'client'
Loaded module 'client_styles'
Loaded module 'client_topmenu'
Loaded module 'client_background'
Loaded module 'client_options'
Loaded module 'client_stats'
Loaded module 'client_entergame'
Loaded module 'client_serverlist'
Loaded module 'game_interface'
Loaded module 'game_hotkeys'
Loaded module 'game_questlog'
Loaded module 'game_textmessage'
Loaded module 'game_console'
Loaded module 'game_outfit'
Loaded module 'game_healthinfo'
Loaded module 'game_skills'
Loaded module 'game_inventory'
Loaded module 'game_combatcontrols'
Loaded module 'game_containers'
Loaded module 'game_viplist'
Loaded module 'game_battle'
Loaded module 'game_minimap'
Loaded module 'game_npctrade'
Loaded module 'game_textwindow'
Loaded module 'game_playertrade'
Loaded module 'game_bugreport'
Loaded module 'game_playerdeath'
Loaded module 'game_playermount'
Loaded module 'game_ruleviolation'
Loaded module 'game_market'
Loaded module 'game_spelllist'
Loaded module 'game_cooldown'
Loaded module 'game_modaldialog'
Loaded module 'game_unjustifiedpoints'
Fechando a aplicação..
== application started at Nov 18 2015 17:54:12
Zutria 0.6.3 rev 0 (devel) built on Nov 18 2015 for arch x86
Loaded module 'corelib'
Loaded module 'game_things'
Loaded module 'gamelib'
Loaded module 'client'
Loaded module 'client_styles'
Loaded module 'client_topmenu'
Loaded module 'client_background'
Loaded module 'client_options'
Loaded module 'client_stats'
Loaded module 'client_entergame'
Loaded module 'client_serverlist'
Loaded module 'game_interface'
Loaded module 'game_hotkeys'
Loaded module 'game_questlog'
Loaded module 'game_textmessage'
Loaded module 'game_console'
Loaded module 'game_outfit'
Loaded module 'game_healthinfo'
Loaded module 'game_skills'
Loaded module 'game_inventory'
Loaded module 'game_combatcontrols'
Loaded module 'game_containers'
Loaded module 'game_viplist'
Loaded module 'game_battle'
Loaded module 'game_minimap'
Loaded module 'game_npctrade'
Loaded module 'game_textwindow'
Loaded module 'game_playertrade'
Loaded module 'game_bugreport'
Loaded module 'game_playerdeath'
Loaded module 'game_playermount'
Loaded module 'game_ruleviolation'
Loaded module 'game_market'
Loaded module 'game_spelllist'
Loaded module 'game_cooldown'
Loaded module 'game_modaldialog'
Loaded module 'game_unjustifiedpoints'
Fechando a aplicação..
== application started at Nov 18 2015 17:54:23
Zutria 0.6.3 rev 0 (devel) built on Nov 18 2015 for arch x86
Loaded module 'corelib'
Loaded module 'game_things'
Loaded module 'gamelib'
Loaded module 'client'
Loaded module 'client_styles'
Loaded module 'client_topmenu'
Loaded module 'client_background'
Loaded module 'client_options'
Loaded module 'client_stats'
Loaded module 'client_entergame'
Loaded module 'client_serverlist'
Loaded module 'game_interface'
Loaded module 'game_hotkeys'
Loaded module 'game_questlog'
Loaded module 'game_textmessage'
Loaded module 'game_console'
Loaded module 'game_outfit'
Loaded module 'game_healthinfo'
Loaded module 'game_skills'
Loaded module 'game_inventory'
Loaded module 'game_combatcontrols'
Loaded module 'game_containers'
Loaded module 'game_viplist'
Loaded module 'game_battle'
Loaded module 'game_minimap'
Loaded module 'game_npctrade'
Loaded module 'game_textwindow'
Loaded module 'game_playertrade'
Loaded module 'game_bugreport'
Loaded module 'game_playerdeath'
Loaded module 'game_playermount'
Loaded module 'game_ruleviolation'
Loaded module 'game_market'
Loaded module 'game_spelllist'
Loaded module 'game_cooldown'
Loaded module 'game_modaldialog'
Loaded module 'game_unjustifiedpoints'
Fechando a aplicação..
== application started at Nov 18 2015 17:57:20
Zutria 0.6.3 rev 0 (devel) built on Nov 18 2015 for arch x86
Loaded module 'corelib'
Loaded module 'game_things'
Loaded module 'gamelib'
Loaded module 'client'
Loaded module 'client_styles'
Loaded module 'client_topmenu'
Loaded module 'client_background'
Loaded module 'client_options'
Loaded module 'client_stats'
Loaded module 'client_entergame'
Loaded module 'client_serverlist'
Loaded module 'game_interface'
Loaded module 'game_hotkeys'
Loaded module 'game_questlog'
Loaded module 'game_textmessage'
Loaded module 'game_console'
Loaded module 'game_outfit'
Loaded module 'game_healthinfo'
Loaded module 'game_skills'
Loaded module 'game_inventory'
Loaded module 'game_combatcontrols'
Loaded module 'game_containers'
Loaded module 'game_viplist'
Loaded module 'game_battle'
Loaded module 'game_minimap'
Loaded module 'game_npctrade'
Loaded module 'game_textwindow'
Loaded module 'game_playertrade'
Loaded module 'game_bugreport'
Loaded module 'game_playerdeath'
Loaded module 'game_playermount'
Loaded module 'game_ruleviolation'
Loaded module 'game_market'
Loaded module 'game_spelllist'
Loaded module 'game_cooldown'
Loaded module 'game_modaldialog'
Loaded module 'game_unjustifiedpoints'
ERROR: protected lua call failed: LUA ERROR:
/game_skills/skills.lua:170: attempt to call method 'getparent' (a nil value)
stack traceback:
	[C]: in function 'getparent'
	/game_skills/skills.lua:170: in function </game_skills/skills.lua:166>
ERROR: protected lua call failed: LUA ERROR:
/game_skills/skills.lua:170: attempt to call method 'getparent' (a nil value)
stack traceback:
	[C]: in function 'getparent'
	/game_skills/skills.lua:170: in function </game_skills/skills.lua:166>
ERROR: protected lua call failed: LUA ERROR:
/game_skills/skills.lua:170: attempt to call method 'getparent' (a nil value)
stack traceback:
	[C]: in function 'getparent'
	/game_skills/skills.lua:170: in function </game_skills/skills.lua:166>
ERROR: protected lua call failed: LUA ERROR:
/game_skills/skills.lua:170: attempt to call method 'getparent' (a nil value)
stack traceback:
	[C]: in function 'getparent'
	/game_skills/skills.lua:170: in function </game_skills/skills.lua:166>
ERROR: protected lua call failed: LUA ERROR:
/game_skills/skills.lua:170: attempt to call method 'getparent' (a nil value)
stack traceback:
	[C]: in function 'getparent'
	/game_skills/skills.lua:170: in function </game_skills/skills.lua:166>
ERROR: protected lua call failed: LUA ERROR:
/game_skills/skills.lua:170: attempt to call method 'getparent' (a nil value)
stack traceback:
	[C]: in function 'getparent'
	/game_skills/skills.lua:170: in function </game_skills/skills.lua:166>
ERROR: protected lua call failed: LUA ERROR:
/game_skills/skills.lua:170: attempt to call method 'getparent' (a nil value)
stack traceback:
	[C]: in function 'getparent'
	/game_skills/skills.lua:170: in function </game_skills/skills.lua:166>
ERROR: protected lua call failed: LUA ERROR:
/game_skills/skills.lua:170: attempt to call method 'getparent' (a nil value)
stack traceback:
	[C]: in function 'getparent'
	/game_skills/skills.lua:170: in function </game_skills/skills.lua:166>
ERROR: protected lua call failed: LUA ERROR:
/game_skills/skills.lua:170: attempt to call method 'getparent' (a nil value)
stack traceback:
	[C]: in function 'getparent'
	/game_skills/skills.lua:170: in function </game_skills/skills.lua:166>
ERROR: protected lua call failed: LUA ERROR:
/game_skills/skills.lua:170: attempt to call method 'getparent' (a nil value)
stack traceback:
	[C]: in function 'getparent'
	/game_skills/skills.lua:170: in function </game_skills/skills.lua:166>
ERROR: protected lua call failed: LUA ERROR:
/game_skills/skills.lua:170: attempt to call method 'getparent' (a nil value)
stack traceback:
	[C]: in function 'getparent'
	/game_skills/skills.lua:170: in function </game_skills/skills.lua:166>
ERROR: protected lua call failed: LUA ERROR:
/game_skills/skills.lua:170: attempt to call method 'getparent' (a nil value)
stack traceback:
	[C]: in function 'getparent'
	/game_skills/skills.lua:170: in function </game_skills/skills.lua:166>
ERROR: protected lua call failed: LUA ERROR:
/game_skills/skills.lua:170: attempt to call method 'getparent' (a nil value)
stack traceback:
	[C]: in function 'getparent'
	/game_skills/skills.lua:170: in function </game_skills/skills.lua:166>
ERROR: protected lua call failed: LUA ERROR:
/game_skills/skills.lua:170: attempt to call method 'getparent' (a nil value)
stack traceback:
	[C]: in function 'getparent'
	/game_skills/skills.lua:170: in function </game_skills/skills.lua:166>
ERROR: protected lua call failed: LUA ERROR:
/game_skills/skills.lua:170: attempt to call method 'getparent' (a nil value)
stack traceback:
	[C]: in function 'getparent'
	/game_skills/skills.lua:170: in function </game_skills/skills.lua:166>
ERROR: protected lua call failed: LUA ERROR:
/game_skills/skills.lua:170: attempt to call method 'getparent' (a nil value)
stack traceback:
	[C]: in function 'getparent'
	/game_skills/skills.lua:170: in function </game_skills/skills.lua:166>
ERROR: protected lua call failed: LUA ERROR:
/game_skills/skills.lua:170: attempt to call method 'getparent' (a nil value)
stack traceback:
	[C]: in function 'getparent'
	/game_skills/skills.lua:170: in function </game_skills/skills.lua:166>
ERROR: protected lua call failed: LUA ERROR:
/game_skills/skills.lua:170: attempt to call method 'getparent' (a nil value)
stack traceback:
	[C]: in function 'getparent'
	/game_skills/skills.lua:170: in function </game_skills/skills.lua:166>
Fechando a aplicação..
== application started at Nov 18 2015 17:58:35
Zutria 0.6.3 rev 0 (devel) built on Nov 18 2015 for arch x86
Loaded module 'corelib'
Loaded module 'game_things'
Loaded module 'gamelib'
Loaded module 'client'
Loaded module 'client_styles'
Loaded module 'client_topmenu'
Loaded module 'client_background'
Loaded module 'client_options'
Loaded module 'client_stats'
Loaded module 'client_entergame'
Loaded module 'client_serverlist'
Loaded module 'game_interface'
Loaded module 'game_hotkeys'
Loaded module 'game_questlog'
Loaded module 'game_textmessage'
Loaded module 'game_console'
Loaded module 'game_outfit'
Loaded module 'game_healthinfo'
Loaded module 'game_skills'
Loaded module 'game_inventory'
Loaded module 'game_combatcontrols'
Loaded module 'game_containers'
Loaded module 'game_viplist'
Loaded module 'game_battle'
Loaded module 'game_minimap'
Loaded module 'game_npctrade'
Loaded module 'game_textwindow'
Loaded module 'game_playertrade'
Loaded module 'game_bugreport'
Loaded module 'game_playerdeath'
Loaded module 'game_playermount'
Loaded module 'game_ruleviolation'
Loaded module 'game_market'
Loaded module 'game_spelllist'
Loaded module 'game_cooldown'
Loaded module 'game_modaldialog'
Loaded module 'game_unjustifiedpoints'
ERROR: protected lua call failed: LUA ERROR:
/game_skills/skills.lua:171: attempt to index global 'widgetparent' (a nil value)
stack traceback:
	[C]: in function '__index'
	/game_skills/skills.lua:171: in function </game_skills/skills.lua:166>
Fechando a aplicação..
== application started at Nov 18 2015 17:59:00
Zutria 0.6.3 rev 0 (devel) built on Nov 18 2015 for arch x86
Loaded module 'corelib'
Loaded module 'game_things'
Loaded module 'gamelib'
Loaded module 'client'
Loaded module 'client_styles'
Loaded module 'client_topmenu'
Loaded module 'client_background'
Loaded module 'client_options'
Loaded module 'client_stats'
Loaded module 'client_entergame'
Loaded module 'client_serverlist'
Loaded module 'game_interface'
Loaded module 'game_hotkeys'
Loaded module 'game_questlog'
Loaded module 'game_textmessage'
Loaded module 'game_console'
Loaded module 'game_outfit'
Loaded module 'game_healthinfo'
Loaded module 'game_skills'
Loaded module 'game_inventory'
Loaded module 'game_combatcontrols'
Loaded module 'game_containers'
Loaded module 'game_viplist'
Loaded module 'game_battle'
Loaded module 'game_minimap'
Loaded module 'game_npctrade'
Loaded module 'game_textwindow'
Loaded module 'game_playertrade'
Loaded module 'game_bugreport'
Loaded module 'game_playerdeath'
Loaded module 'game_playermount'
Loaded module 'game_ruleviolation'
Loaded module 'game_market'
Loaded module 'game_spelllist'
Loaded module 'game_cooldown'
Loaded module 'game_modaldialog'
Loaded module 'game_unjustifiedpoints'
Fechando a aplicação..
== application started at Nov 18 2015 18:04:23
Zutria 0.6.3 rev 0 (devel) built on Nov 18 2015 for arch x86
Loaded module 'corelib'
Loaded module 'game_things'
Loaded module 'gamelib'
Loaded module 'client'
Loaded module 'client_styles'
Loaded module 'client_topmenu'
Loaded module 'client_background'
Loaded module 'client_options'
Loaded module 'client_stats'
Loaded module 'client_entergame'
Loaded module 'client_serverlist'
Loaded module 'game_interface'
Loaded module 'game_hotkeys'
Loaded module 'game_questlog'
Loaded module 'game_textmessage'
Loaded module 'game_console'
Loaded module 'game_outfit'
Loaded module 'game_healthinfo'
Loaded module 'game_skills'
Loaded module 'game_inventory'
Loaded module 'game_combatcontrols'
Loaded module 'game_containers'
Loaded module 'game_viplist'
Loaded module 'game_battle'
Loaded module 'game_minimap'
Loaded module 'game_npctrade'
Loaded module 'game_textwindow'
Loaded module 'game_playertrade'
Loaded module 'game_bugreport'
Loaded module 'game_playerdeath'
Loaded module 'game_playermount'
Loaded module 'game_ruleviolation'
Loaded module 'game_market'
Loaded module 'game_spelllist'
Loaded module 'game_cooldown'
Loaded module 'game_modaldialog'
Loaded module 'game_unjustifiedpoints'
Fechando a aplicação..
== application started at Nov 18 2015 18:23:24
Zutria 0.6.3 rev 0 (devel) built on Nov 18 2015 for arch x86
Loaded module 'corelib'
Loaded module 'game_things'
Loaded module 'gamelib'
Loaded module 'client'
Loaded module 'client_styles'
Loaded module 'client_topmenu'
Loaded module 'client_background'
Loaded module 'client_options'
Loaded module 'client_stats'
Loaded module 'client_entergame'
Loaded module 'client_serverlist'
Loaded module 'game_interface'
Loaded module 'game_hotkeys'
Loaded module 'game_questlog'
Loaded module 'game_textmessage'
Loaded module 'game_console'
Loaded module 'game_outfit'
Loaded module 'game_healthinfo'
Loaded module 'game_skills'
Loaded module 'game_inventory'
Loaded module 'game_combatcontrols'
Loaded module 'game_containers'
Loaded module 'game_viplist'
Loaded module 'game_battle'
Loaded module 'game_minimap'
Loaded module 'game_npctrade'
Loaded module 'game_textwindow'
Loaded module 'game_playertrade'
Loaded module 'game_bugreport'
Loaded module 'game_playerdeath'
Loaded module 'game_playermount'
Loaded module 'game_ruleviolation'
Loaded module 'game_market'
Loaded module 'game_spelllist'
Loaded module 'game_cooldown'
Loaded module 'game_modaldialog'
Loaded module 'game_unjustifiedpoints'
Fechando a aplicação..
== application started at Nov 18 2015 18:25:11
Zutria 0.6.3 rev 0 (devel) built on Nov 18 2015 for arch x86
Loaded module 'corelib'
Loaded module 'game_things'
Loaded module 'gamelib'
Loaded module 'client'
Loaded module 'client_styles'
Loaded module 'client_topmenu'
Loaded module 'client_background'
Loaded module 'client_options'
Loaded module 'client_stats'
Loaded module 'client_entergame'
Loaded module 'client_serverlist'
Loaded module 'game_interface'
Loaded module 'game_hotkeys'
Loaded module 'game_questlog'
Loaded module 'game_textmessage'
Loaded module 'game_console'
Loaded module 'game_outfit'
Loaded module 'game_healthinfo'
Loaded module 'game_skills'
Loaded module 'game_inventory'
Loaded module 'game_combatcontrols'
Loaded module 'game_containers'
Loaded module 'game_viplist'
Loaded module 'game_battle'
Loaded module 'game_minimap'
Loaded module 'game_npctrade'
Loaded module 'game_textwindow'
Loaded module 'game_playertrade'
Loaded module 'game_bugreport'
Loaded module 'game_playerdeath'
Loaded module 'game_playermount'
Loaded module 'game_ruleviolation'
Loaded module 'game_market'
Loaded module 'game_spelllist'
Loaded module 'game_cooldown'
Loaded module 'game_modaldialog'
Loaded module 'game_unjustifiedpoints'
Fechando a aplicação..
== application started at Nov 18 2015 18:26:06
Zutria 0.6.3 rev 0 (devel) built on Nov 18 2015 for arch x86
Loaded module 'corelib'
Loaded module 'game_things'
Loaded module 'gamelib'
Loaded module 'client'
Loaded module 'client_styles'
Loaded module 'client_topmenu'
Loaded module 'client_background'
Loaded module 'client_options'
Loaded module 'client_stats'
Loaded module 'client_entergame'
Loaded module 'client_serverlist'
Loaded module 'game_interface'
Loaded module 'game_hotkeys'
Loaded module 'game_questlog'
Loaded module 'game_textmessage'
Loaded module 'game_console'
Loaded module 'game_outfit'
Loaded module 'game_healthinfo'
Loaded module 'game_skills'
Loaded module 'game_inventory'
Loaded module 'game_combatcontrols'
Loaded module 'game_containers'
Loaded module 'game_viplist'
Loaded module 'game_battle'
Loaded module 'game_minimap'
Loaded module 'game_npctrade'
Loaded module 'game_textwindow'
Loaded module 'game_playertrade'
Loaded module 'game_bugreport'
Loaded module 'game_playerdeath'
Loaded module 'game_playermount'
Loaded module 'game_ruleviolation'
Loaded module 'game_market'
Loaded module 'game_spelllist'
Loaded module 'game_cooldown'
Loaded module 'game_modaldialog'
Loaded module 'game_unjustifiedpoints'
Fechando a aplicação..
== application started at Nov 18 2015 18:27:48
Zutria 0.6.3 rev 0 (devel) built on Nov 18 2015 for arch x86
Loaded module 'corelib'
Loaded module 'game_things'
Loaded module 'gamelib'
Loaded module 'client'
Loaded module 'client_styles'
Loaded module 'client_topmenu'
Loaded module 'client_background'
Loaded module 'client_options'
Loaded module 'client_stats'
Loaded module 'client_entergame'
Loaded module 'client_serverlist'
Loaded module 'game_interface'
Loaded module 'game_hotkeys'
Loaded module 'game_questlog'
Loaded module 'game_textmessage'
Loaded module 'game_console'
Loaded module 'game_outfit'
Loaded module 'game_healthinfo'
Loaded module 'game_skills'
Loaded module 'game_inventory'
Loaded module 'game_combatcontrols'
Loaded module 'game_containers'
Loaded module 'game_viplist'
Loaded module 'game_battle'
Loaded module 'game_minimap'
Loaded module 'game_npctrade'
Loaded module 'game_textwindow'
Loaded module 'game_playertrade'
Loaded module 'game_bugreport'
Loaded module 'game_playerdeath'
Loaded module 'game_playermount'
Loaded module 'game_ruleviolation'
Loaded module 'game_market'
Loaded module 'game_spelllist'
Loaded module 'game_cooldown'
Loaded module 'game_modaldialog'
Loaded module 'game_unjustifiedpoints'
Fechando a aplicação..
== application started at Nov 18 2015 18:27:57
Zutria 0.6.3 rev 0 (devel) built on Nov 18 2015 for arch x86
Loaded module 'corelib'
Loaded module 'game_things'
Loaded module 'gamelib'
Loaded module 'client'
Loaded module 'client_styles'
Loaded module 'client_topmenu'
Loaded module 'client_background'
Loaded module 'client_options'
Loaded module 'client_stats'
Loaded module 'client_entergame'
Loaded module 'client_serverlist'
Loaded module 'game_interface'
Loaded module 'game_hotkeys'
Loaded module 'game_questlog'
Loaded module 'game_textmessage'
Loaded module 'game_console'
Loaded module 'game_outfit'
Loaded module 'game_healthinfo'
Loaded module 'game_skills'
Loaded module 'game_inventory'
Loaded module 'game_combatcontrols'
Loaded module 'game_containers'
Loaded module 'game_viplist'
Loaded module 'game_battle'
Loaded module 'game_minimap'
Loaded module 'game_npctrade'
Loaded module 'game_textwindow'
Loaded module 'game_playertrade'
Loaded module 'game_bugreport'
Loaded module 'game_playerdeath'
Loaded module 'game_playermount'
Loaded module 'game_ruleviolation'
Loaded module 'game_market'
Loaded module 'game_spelllist'
Loaded module 'game_cooldown'
Loaded module 'game_modaldialog'
Loaded module 'game_unjustifiedpoints'
Fechando a aplicação..
== application started at Nov 18 2015 18:28:10
Zutria 0.6.3 rev 0 (devel) built on Nov 18 2015 for arch x86
Loaded module 'corelib'
Loaded module 'game_things'
Loaded module 'gamelib'
Loaded module 'client'
Loaded module 'client_styles'
Loaded module 'client_topmenu'
Loaded module 'client_background'
Loaded module 'client_options'
Loaded module 'client_stats'
Loaded module 'client_entergame'
Loaded module 'client_serverlist'
Loaded module 'game_interface'
Loaded module 'game_hotkeys'
Loaded module 'game_questlog'
Loaded module 'game_textmessage'
Loaded module 'game_console'
Loaded module 'game_outfit'
Loaded module 'game_healthinfo'
Loaded module 'game_skills'
Loaded module 'game_inventory'
Loaded module 'game_combatcontrols'
Loaded module 'game_containers'
Loaded module 'game_viplist'
Loaded module 'game_battle'
Loaded module 'game_minimap'
Loaded module 'game_npctrade'
Loaded module 'game_textwindow'
Loaded module 'game_playertrade'
Loaded module 'game_bugreport'
Loaded module 'game_playerdeath'
Loaded module 'game_playermount'
Loaded module 'game_ruleviolation'
Loaded module 'game_market'
Loaded module 'game_spelllist'
Loaded module 'game_cooldown'
Loaded module 'game_modaldialog'
Loaded module 'game_unjustifiedpoints'
Fechando a aplicação..
== application started at Nov 18 2015 18:40:47
Zutria 0.6.3 rev 0 (devel) built on Nov 18 2015 for arch x86
Loaded module 'corelib'
Loaded module 'game_things'
Loaded module 'gamelib'
Loaded module 'client'
Loaded module 'client_styles'
Loaded module 'client_topmenu'
Loaded module 'client_background'
Loaded module 'client_options'
Loaded module 'client_stats'
Loaded module 'client_entergame'
Loaded module 'client_serverlist'
Loaded module 'game_interface'
Loaded module 'game_hotkeys'
Loaded module 'game_questlog'
Loaded module 'game_textmessage'
Loaded module 'game_console'
Loaded module 'game_outfit'
Loaded module 'game_healthinfo'
Loaded module 'game_skills'
Loaded module 'game_inventory'
Loaded module 'game_combatcontrols'
Loaded module 'game_containers'
Loaded module 'game_viplist'
Loaded module 'game_battle'
Loaded module 'game_minimap'
Loaded module 'game_npctrade'
Loaded module 'game_textwindow'
Loaded module 'game_playertrade'
Loaded module 'game_bugreport'
Loaded module 'game_playerdeath'
Loaded module 'game_playermount'
Loaded module 'game_ruleviolation'
Loaded module 'game_market'
Loaded module 'game_spelllist'
Loaded module 'game_cooldown'
Loaded module 'game_modaldialog'
Loaded module 'game_unjustifiedpoints'
